[2022-09-06 15:19:15] local.ERROR: Object of class Laravel\Lumen\Routing\Router could not be converted to string {"exception":"[object] (Error(code: 0): Object of class Laravel\\Lumen\\Routing\\Router could not be converted to string at C:\\Users\\User\\PhpstormProjects\\untitled2\\products_api\\routes\\web.php:35)
[stacktrace]
#0 C:\\Users\\User\\PhpstormProjects\\untitled2\\products_api\\bootstrap\\app.php(112): require()
#1 C:\\Users\\User\\PhpstormProjects\\untitled2\\products_api\\vendor\\laravel\\lumen-framework\\src\\Routing\\Router.php(62): {closure}(Object(Laravel\\Lumen\\Routing\\Router))
#2 C:\\Users\\User\\PhpstormProjects\\untitled2\\products_api\\bootstrap\\app.php(113): Laravel\\Lumen\\Routing\\Router->group(Array, Object(Closure))
#3 C:\\Users\\User\\PhpstormProjects\\untitled2\\products_api\\artisan(18): require('C:\\\\Users\\\\User\\\\P...')
#4 {main}
"} 
[2022-09-06 15:20:48] local.ERROR: Object of class Laravel\Lumen\Routing\Router could not be converted to string {"exception":"[object] (Error(code: 0): Object of class Laravel\\Lumen\\Routing\\Router could not be converted to string at C:\\Users\\User\\PhpstormProjects\\untitled2\\products_api\\routes\\web.php:35)
[stacktrace]
#0 C:\\Users\\User\\PhpstormProjects\\untitled2\\products_api\\bootstrap\\app.php(112): require()
#1 C:\\Users\\User\\PhpstormProjects\\untitled2\\products_api\\vendor\\laravel\\lumen-framework\\src\\Routing\\Router.php(62): {closure}(Object(Laravel\\Lumen\\Routing\\Router))
#2 C:\\Users\\User\\PhpstormProjects\\untitled2\\products_api\\bootstrap\\app.php(113): Laravel\\Lumen\\Routing\\Router->group(Array, Object(Closure))
#3 C:\\Users\\User\\PhpstormProjects\\untitled2\\products_api\\artisan(18): require('C:\\\\Users\\\\User\\\\P...')
#4 {main}
"} 
[2022-09-06 15:27:30] local.ERROR: Object of class Laravel\Lumen\Routing\Router could not be converted to string {"exception":"[object] (Error(code: 0): Object of class Laravel\\Lumen\\Routing\\Router could not be converted to string at C:\\Users\\User\\PhpstormProjects\\untitled2\\products_api\\routes\\web.php:35)
[stacktrace]
#0 C:\\Users\\User\\PhpstormProjects\\untitled2\\products_api\\bootstrap\\app.php(112): require()
#1 C:\\Users\\User\\PhpstormProjects\\untitled2\\products_api\\vendor\\laravel\\lumen-framework\\src\\Routing\\Router.php(62): {closure}(Object(Laravel\\Lumen\\Routing\\Router))
#2 C:\\Users\\User\\PhpstormProjects\\untitled2\\products_api\\bootstrap\\app.php(113): Laravel\\Lumen\\Routing\\Router->group(Array, Object(Closure))
#3 C:\\Users\\User\\PhpstormProjects\\untitled2\\products_api\\public\\index.php(14): require('C:\\\\Users\\\\User\\\\P...')
#4 {main}
"} 
[2022-09-06 15:27:43] local.ERROR: Object of class Laravel\Lumen\Routing\Router could not be converted to string {"exception":"[object] (Error(code: 0): Object of class Laravel\\Lumen\\Routing\\Router could not be converted to string at C:\\Users\\User\\PhpstormProjects\\untitled2\\products_api\\routes\\web.php:35)
[stacktrace]
#0 C:\\Users\\User\\PhpstormProjects\\untitled2\\products_api\\bootstrap\\app.php(112): require()
#1 C:\\Users\\User\\PhpstormProjects\\untitled2\\products_api\\vendor\\laravel\\lumen-framework\\src\\Routing\\Router.php(62): {closure}(Object(Laravel\\Lumen\\Routing\\Router))
#2 C:\\Users\\User\\PhpstormProjects\\untitled2\\products_api\\bootstrap\\app.php(113): Laravel\\Lumen\\Routing\\Router->group(Array, Object(Closure))
#3 C:\\Users\\User\\PhpstormProjects\\untitled2\\products_api\\public\\index.php(14): require('C:\\\\Users\\\\User\\\\P...')
#4 {main}
"} 
[2022-09-06 15:31:56] local.ERROR: Object of class Laravel\Lumen\Routing\Router could not be converted to string {"exception":"[object] (Error(code: 0): Object of class Laravel\\Lumen\\Routing\\Router could not be converted to string at C:\\Users\\User\\PhpstormProjects\\untitled2\\products_api\\routes\\web.php:35)
[stacktrace]
#0 C:\\Users\\User\\PhpstormProjects\\untitled2\\products_api\\bootstrap\\app.php(112): require()
#1 C:\\Users\\User\\PhpstormProjects\\untitled2\\products_api\\vendor\\laravel\\lumen-framework\\src\\Routing\\Router.php(62): {closure}(Object(Laravel\\Lumen\\Routing\\Router))
#2 C:\\Users\\User\\PhpstormProjects\\untitled2\\products_api\\bootstrap\\app.php(113): Laravel\\Lumen\\Routing\\Router->group(Array, Object(Closure))
#3 C:\\Users\\User\\PhpstormProjects\\untitled2\\products_api\\artisan(18): require('C:\\\\Users\\\\User\\\\P...')
#4 {main}
"} 
[2022-09-06 15:33:10] local.ERROR: Object of class Laravel\Lumen\Routing\Router could not be converted to string {"exception":"[object] (Error(code: 0): Object of class Laravel\\Lumen\\Routing\\Router could not be converted to string at C:\\Users\\User\\PhpstormProjects\\untitled2\\products_api\\routes\\web.php:35)
[stacktrace]
#0 C:\\Users\\User\\PhpstormProjects\\untitled2\\products_api\\bootstrap\\app.php(112): require()
#1 C:\\Users\\User\\PhpstormProjects\\untitled2\\products_api\\vendor\\laravel\\lumen-framework\\src\\Routing\\Router.php(62): {closure}(Object(Laravel\\Lumen\\Routing\\Router))
#2 C:\\Users\\User\\PhpstormProjects\\untitled2\\products_api\\bootstrap\\app.php(113): Laravel\\Lumen\\Routing\\Router->group(Array, Object(Closure))
#3 C:\\Users\\User\\PhpstormProjects\\untitled2\\products_api\\artisan(18): require('C:\\\\Users\\\\User\\\\P...')
#4 {main}
"} 
[2022-09-06 15:33:47] local.ERROR: $data needs to be either a DataResource or an array of DataResource objects {"exception":"[object] (Floor9design\\JsonApiFormatter\\Exceptions\\JsonApiFormatterException(code: 0): $data needs to be either a DataResource or an array of DataResource objects at C:\\Users\\User\\PhpstormProjects\\untitled2\\products_api\\vendor\\floor9design\\json-api-formatter\\src\\Models\\JsonApiFormatter.php:105)
[stacktrace]
#0 C:\\Users\\User\\PhpstormProjects\\untitled2\\products_api\\vendor\\floor9design\\json-api-formatter\\src\\Models\\JsonApiFormatter.php(776): Floor9design\\JsonApiFormatter\\Models\\JsonApiFormatter->setData(Object(Illuminate\\Database\\Eloquent\\Collection))
#1 C:\\Users\\User\\PhpstormProjects\\untitled2\\products_api\\vendor\\floor9design\\json-api-formatter\\src\\Models\\JsonApiFormatter.php(758): Floor9design\\JsonApiFormatter\\Models\\JsonApiFormatter->dataResourceResponseArray(Object(Illuminate\\Database\\Eloquent\\Collection))
#2 C:\\Users\\User\\PhpstormProjects\\untitled2\\products_api\\app\\Http\\Controllers\\CompanyController.php(16): Floor9design\\JsonApiFormatter\\Models\\JsonApiFormatter->dataResourceResponse(Object(Illuminate\\Database\\Eloquent\\Collection))
#3 C:\\Users\\User\\PhpstormProjects\\untitled2\\products_api\\vendor\\illuminate\\container\\BoundMethod.php(36): App\\Http\\Controllers\\CompanyController->GetAllCompany()
#4 C:\\Users\\User\\PhpstormProjects\\untitled2\\products_api\\vendor\\illuminate\\container\\Util.php(41): Illuminate\\Container\\BoundMethod::Illuminate\\Container\\{closure}()
#5 C:\\Users\\User\\PhpstormProjects\\untitled2\\products_api\\vendor\\illuminate\\container\\BoundMethod.php(93): Illuminate\\Container\\Util::unwrapIfClosure(Object(Closure))
#6 C:\\Users\\User\\PhpstormProjects\\untitled2\\products_api\\vendor\\illuminate\\container\\BoundMethod.php(37): Illuminate\\Container\\BoundMethod::callBoundMethod(Object(Laravel\\Lumen\\Application), Array, Object(Closure))
#7 C:\\Users\\User\\PhpstormProjects\\untitled2\\products_api\\vendor\\illuminate\\container\\Container.php(651): Illuminate\\Container\\BoundMethod::call(Object(Laravel\\Lumen\\Application), Array, Array, NULL)
#8 C:\\Users\\User\\PhpstormProjects\\untitled2\\products_api\\vendor\\laravel\\lumen-framework\\src\\Concerns\\RoutesRequests.php(389): Illuminate\\Container\\Container->call(Array, Array)
#9 C:\\Users\\User\\PhpstormProjects\\untitled2\\products_api\\vendor\\laravel\\lumen-framework\\src\\Concerns\\RoutesRequests.php(355): Laravel\\Lumen\\Application->callControllerCallable(Array, Array)
#10 C:\\Users\\User\\PhpstormProjects\\untitled2\\products_api\\vendor\\laravel\\lumen-framework\\src\\Concerns\\RoutesRequests.php(329): Laravel\\Lumen\\Application->callLumenController(Object(App\\Http\\Controllers\\CompanyController), 'GetAllCompany', Array)
#11 C:\\Users\\User\\PhpstormProjects\\untitled2\\products_api\\vendor\\laravel\\lumen-framework\\src\\Concerns\\RoutesRequests.php(282): Laravel\\Lumen\\Application->callControllerAction(Array)
#12 C:\\Users\\User\\PhpstormProjects\\untitled2\\products_api\\vendor\\laravel\\lumen-framework\\src\\Concerns\\RoutesRequests.php(267): Laravel\\Lumen\\Application->callActionOnArrayBasedRoute(Array)
#13 C:\\Users\\User\\PhpstormProjects\\untitled2\\products_api\\vendor\\laravel\\lumen-framework\\src\\Concerns\\RoutesRequests.php(169): Laravel\\Lumen\\Application->handleFoundRoute(Array)
#14 C:\\Users\\User\\PhpstormProjects\\untitled2\\products_api\\vendor\\laravel\\lumen-framework\\src\\Routing\\Pipeline.php(48): Laravel\\Lumen\\Application->Laravel\\Lumen\\Concerns\\{closure}(Object(Laravel\\Lumen\\Http\\Request))
#15 C:\\Users\\User\\PhpstormProjects\\untitled2\\products_api\\app\\Http\\Middleware\\ExampleMiddleware.php(18): Laravel\\Lumen\\Routing\\Pipeline->Laravel\\Lumen\\Routing\\{closure}(Object(Laravel\\Lumen\\Http\\Request))
#16 C:\\Users\\User\\PhpstormProjects\\untitled2\\products_api\\vendor\\illuminate\\pipeline\\Pipeline.php(180): App\\Http\\Middleware\\ExampleMiddleware->handle(Object(Laravel\\Lumen\\Http\\Request), Object(Closure))
#17 C:\\Users\\User\\PhpstormProjects\\untitled2\\products_api\\vendor\\laravel\\lumen-framework\\src\\Routing\\Pipeline.php(30): Illuminate\\Pipeline\\Pipeline->Illuminate\\Pipeline\\{closure}(Object(Laravel\\Lumen\\Http\\Request))
#18 C:\\Users\\User\\PhpstormProjects\\untitled2\\products_api\\vendor\\illuminate\\pipeline\\Pipeline.php(116): Laravel\\Lumen\\Routing\\Pipeline->Laravel\\Lumen\\Routing\\{closure}(Object(Laravel\\Lumen\\Http\\Request))
#19 C:\\Users\\User\\PhpstormProjects\\untitled2\\products_api\\vendor\\laravel\\lumen-framework\\src\\Concerns\\RoutesRequests.php(426): Illuminate\\Pipeline\\Pipeline->then(Object(Closure))
#20 C:\\Users\\User\\PhpstormProjects\\untitled2\\products_api\\vendor\\laravel\\lumen-framework\\src\\Concerns\\RoutesRequests.php(175): Laravel\\Lumen\\Application->sendThroughPipeline(Array, Object(Closure))
#21 C:\\Users\\User\\PhpstormProjects\\untitled2\\products_api\\vendor\\laravel\\lumen-framework\\src\\Concerns\\RoutesRequests.php(112): Laravel\\Lumen\\Application->dispatch(NULL)
#22 C:\\Users\\User\\PhpstormProjects\\untitled2\\products_api\\public\\index.php(28): Laravel\\Lumen\\Application->run()
#23 {main}
"} 
[2022-09-06 15:34:29] local.ERROR: $data needs to be either a DataResource or an array of DataResource objects {"exception":"[object] (Floor9design\\JsonApiFormatter\\Exceptions\\JsonApiFormatterException(code: 0): $data needs to be either a DataResource or an array of DataResource objects at C:\\Users\\User\\PhpstormProjects\\untitled2\\products_api\\vendor\\floor9design\\json-api-formatter\\src\\Models\\JsonApiFormatter.php:105)
[stacktrace]
#0 C:\\Users\\User\\PhpstormProjects\\untitled2\\products_api\\vendor\\floor9design\\json-api-formatter\\src\\Models\\JsonApiFormatter.php(776): Floor9design\\JsonApiFormatter\\Models\\JsonApiFormatter->setData(Object(Illuminate\\Database\\Eloquent\\Collection))
#1 C:\\Users\\User\\PhpstormProjects\\untitled2\\products_api\\app\\Http\\Controllers\\CompanyController.php(16): Floor9design\\JsonApiFormatter\\Models\\JsonApiFormatter->dataResourceResponseArray(Object(Illuminate\\Database\\Eloquent\\Collection))
#2 C:\\Users\\User\\PhpstormProjects\\untitled2\\products_api\\vendor\\illuminate\\container\\BoundMethod.php(36): App\\Http\\Controllers\\CompanyController->GetAllCompany()
#3 C:\\Users\\User\\PhpstormProjects\\untitled2\\products_api\\vendor\\illuminate\\container\\Util.php(41): Illuminate\\Container\\BoundMethod::Illuminate\\Container\\{closure}()
#4 C:\\Users\\User\\PhpstormProjects\\untitled2\\products_api\\vendor\\illuminate\\container\\BoundMethod.php(93): Illuminate\\Container\\Util::unwrapIfClosure(Object(Closure))
#5 C:\\Users\\User\\PhpstormProjects\\untitled2\\products_api\\vendor\\illuminate\\container\\BoundMethod.php(37): Illuminate\\Container\\BoundMethod::callBoundMethod(Object(Laravel\\Lumen\\Application), Array, Object(Closure))
#6 C:\\Users\\User\\PhpstormProjects\\untitled2\\products_api\\vendor\\illuminate\\container\\Container.php(651): Illuminate\\Container\\BoundMethod::call(Object(Laravel\\Lumen\\Application), Array, Array, NULL)
#7 C:\\Users\\User\\PhpstormProjects\\untitled2\\products_api\\vendor\\laravel\\lumen-framework\\src\\Concerns\\RoutesRequests.php(389): Illuminate\\Container\\Container->call(Array, Array)
#8 C:\\Users\\User\\PhpstormProjects\\untitled2\\products_api\\vendor\\laravel\\lumen-framework\\src\\Concerns\\RoutesRequests.php(355): Laravel\\Lumen\\Application->callControllerCallable(Array, Array)
#9 C:\\Users\\User\\PhpstormProjects\\untitled2\\products_api\\vendor\\laravel\\lumen-framework\\src\\Concerns\\RoutesRequests.php(329): Laravel\\Lumen\\Application->callLumenController(Object(App\\Http\\Controllers\\CompanyController), 'GetAllCompany', Array)
#10 C:\\Users\\User\\PhpstormProjects\\untitled2\\products_api\\vendor\\laravel\\lumen-framework\\src\\Concerns\\RoutesRequests.php(282): Laravel\\Lumen\\Application->callControllerAction(Array)
#11 C:\\Users\\User\\PhpstormProjects\\untitled2\\products_api\\vendor\\laravel\\lumen-framework\\src\\Concerns\\RoutesRequests.php(267): Laravel\\Lumen\\Application->callActionOnArrayBasedRoute(Array)
#12 C:\\Users\\User\\PhpstormProjects\\untitled2\\products_api\\vendor\\laravel\\lumen-framework\\src\\Concerns\\RoutesRequests.php(169): Laravel\\Lumen\\Application->handleFoundRoute(Array)
#13 C:\\Users\\User\\PhpstormProjects\\untitled2\\products_api\\vendor\\laravel\\lumen-framework\\src\\Routing\\Pipeline.php(48): Laravel\\Lumen\\Application->Laravel\\Lumen\\Concerns\\{closure}(Object(Laravel\\Lumen\\Http\\Request))
#14 C:\\Users\\User\\PhpstormProjects\\untitled2\\products_api\\app\\Http\\Middleware\\ExampleMiddleware.php(18): Laravel\\Lumen\\Routing\\Pipeline->Laravel\\Lumen\\Routing\\{closure}(Object(Laravel\\Lumen\\Http\\Request))
#15 C:\\Users\\User\\PhpstormProjects\\untitled2\\products_api\\vendor\\illuminate\\pipeline\\Pipeline.php(180): App\\Http\\Middleware\\ExampleMiddleware->handle(Object(Laravel\\Lumen\\Http\\Request), Object(Closure))
#16 C:\\Users\\User\\PhpstormProjects\\untitled2\\products_api\\vendor\\laravel\\lumen-framework\\src\\Routing\\Pipeline.php(30): Illuminate\\Pipeline\\Pipeline->Illuminate\\Pipeline\\{closure}(Object(Laravel\\Lumen\\Http\\Request))
#17 C:\\Users\\User\\PhpstormProjects\\untitled2\\products_api\\vendor\\illuminate\\pipeline\\Pipeline.php(116): Laravel\\Lumen\\Routing\\Pipeline->Laravel\\Lumen\\Routing\\{closure}(Object(Laravel\\Lumen\\Http\\Request))
#18 C:\\Users\\User\\PhpstormProjects\\untitled2\\products_api\\vendor\\laravel\\lumen-framework\\src\\Concerns\\RoutesRequests.php(426): Illuminate\\Pipeline\\Pipeline->then(Object(Closure))
#19 C:\\Users\\User\\PhpstormProjects\\untitled2\\products_api\\vendor\\laravel\\lumen-framework\\src\\Concerns\\RoutesRequests.php(175): Laravel\\Lumen\\Application->sendThroughPipeline(Array, Object(Closure))
#20 C:\\Users\\User\\PhpstormProjects\\untitled2\\products_api\\vendor\\laravel\\lumen-framework\\src\\Concerns\\RoutesRequests.php(112): Laravel\\Lumen\\Application->dispatch(NULL)
#21 C:\\Users\\User\\PhpstormProjects\\untitled2\\products_api\\public\\index.php(28): Laravel\\Lumen\\Application->run()
#22 {main}
"} 
[2022-09-06 15:46:26] local.ERROR: $data needs to be either a DataResource or an array of DataResource objects {"exception":"[object] (Floor9design\\JsonApiFormatter\\Exceptions\\JsonApiFormatterException(code: 0): $data needs to be either a DataResource or an array of DataResource objects at C:\\Users\\User\\PhpstormProjects\\untitled2\\products_api\\vendor\\floor9design\\json-api-formatter\\src\\Models\\JsonApiFormatter.php:105)
[stacktrace]
#0 C:\\Users\\User\\PhpstormProjects\\untitled2\\products_api\\vendor\\floor9design\\json-api-formatter\\src\\Models\\JsonApiFormatter.php(776): Floor9design\\JsonApiFormatter\\Models\\JsonApiFormatter->setData(Object(Illuminate\\Database\\Eloquent\\Collection))
#1 C:\\Users\\User\\PhpstormProjects\\untitled2\\products_api\\app\\Http\\Controllers\\CompanyController.php(20): Floor9design\\JsonApiFormatter\\Models\\JsonApiFormatter->dataResourceResponseArray(Object(Illuminate\\Database\\Eloquent\\Collection))
#2 C:\\Users\\User\\PhpstormProjects\\untitled2\\products_api\\vendor\\illuminate\\container\\BoundMethod.php(36): App\\Http\\Controllers\\CompanyController->GetAllCompany()
#3 C:\\Users\\User\\PhpstormProjects\\untitled2\\products_api\\vendor\\illuminate\\container\\Util.php(41): Illuminate\\Container\\BoundMethod::Illuminate\\Container\\{closure}()
#4 C:\\Users\\User\\PhpstormProjects\\untitled2\\products_api\\vendor\\illuminate\\container\\BoundMethod.php(93): Illuminate\\Container\\Util::unwrapIfClosure(Object(Closure))
#5 C:\\Users\\User\\PhpstormProjects\\untitled2\\products_api\\vendor\\illuminate\\container\\BoundMethod.php(37): Illuminate\\Container\\BoundMethod::callBoundMethod(Object(Laravel\\Lumen\\Application), Array, Object(Closure))
#6 C:\\Users\\User\\PhpstormProjects\\untitled2\\products_api\\vendor\\illuminate\\container\\Container.php(651): Illuminate\\Container\\BoundMethod::call(Object(Laravel\\Lumen\\Application), Array, Array, NULL)
#7 C:\\Users\\User\\PhpstormProjects\\untitled2\\products_api\\vendor\\laravel\\lumen-framework\\src\\Concerns\\RoutesRequests.php(389): Illuminate\\Container\\Container->call(Array, Array)
#8 C:\\Users\\User\\PhpstormProjects\\untitled2\\products_api\\vendor\\laravel\\lumen-framework\\src\\Concerns\\RoutesRequests.php(355): Laravel\\Lumen\\Application->callControllerCallable(Array, Array)
#9 C:\\Users\\User\\PhpstormProjects\\untitled2\\products_api\\vendor\\laravel\\lumen-framework\\src\\Concerns\\RoutesRequests.php(329): Laravel\\Lumen\\Application->callLumenController(Object(App\\Http\\Controllers\\CompanyController), 'GetAllCompany', Array)
#10 C:\\Users\\User\\PhpstormProjects\\untitled2\\products_api\\vendor\\laravel\\lumen-framework\\src\\Concerns\\RoutesRequests.php(282): Laravel\\Lumen\\Application->callControllerAction(Array)
#11 C:\\Users\\User\\PhpstormProjects\\untitled2\\products_api\\vendor\\laravel\\lumen-framework\\src\\Concerns\\RoutesRequests.php(267): Laravel\\Lumen\\Application->callActionOnArrayBasedRoute(Array)
#12 C:\\Users\\User\\PhpstormProjects\\untitled2\\products_api\\vendor\\laravel\\lumen-framework\\src\\Concerns\\RoutesRequests.php(169): Laravel\\Lumen\\Application->handleFoundRoute(Array)
#13 C:\\Users\\User\\PhpstormProjects\\untitled2\\products_api\\vendor\\laravel\\lumen-framework\\src\\Routing\\Pipeline.php(48): Laravel\\Lumen\\Application->Laravel\\Lumen\\Concerns\\{closure}(Object(Laravel\\Lumen\\Http\\Request))
#14 C:\\Users\\User\\PhpstormProjects\\untitled2\\products_api\\app\\Http\\Middleware\\ExampleMiddleware.php(18): Laravel\\Lumen\\Routing\\Pipeline->Laravel\\Lumen\\Routing\\{closure}(Object(Laravel\\Lumen\\Http\\Request))
#15 C:\\Users\\User\\PhpstormProjects\\untitled2\\products_api\\vendor\\illuminate\\pipeline\\Pipeline.php(180): App\\Http\\Middleware\\ExampleMiddleware->handle(Object(Laravel\\Lumen\\Http\\Request), Object(Closure))
#16 C:\\Users\\User\\PhpstormProjects\\untitled2\\products_api\\vendor\\laravel\\lumen-framework\\src\\Routing\\Pipeline.php(30): Illuminate\\Pipeline\\Pipeline->Illuminate\\Pipeline\\{closure}(Object(Laravel\\Lumen\\Http\\Request))
#17 C:\\Users\\User\\PhpstormProjects\\untitled2\\products_api\\vendor\\illuminate\\pipeline\\Pipeline.php(116): Laravel\\Lumen\\Routing\\Pipeline->Laravel\\Lumen\\Routing\\{closure}(Object(Laravel\\Lumen\\Http\\Request))
#18 C:\\Users\\User\\PhpstormProjects\\untitled2\\products_api\\vendor\\laravel\\lumen-framework\\src\\Concerns\\RoutesRequests.php(426): Illuminate\\Pipeline\\Pipeline->then(Object(Closure))
#19 C:\\Users\\User\\PhpstormProjects\\untitled2\\products_api\\vendor\\laravel\\lumen-framework\\src\\Concerns\\RoutesRequests.php(175): Laravel\\Lumen\\Application->sendThroughPipeline(Array, Object(Closure))
#20 C:\\Users\\User\\PhpstormProjects\\untitled2\\products_api\\vendor\\laravel\\lumen-framework\\src\\Concerns\\RoutesRequests.php(112): Laravel\\Lumen\\Application->dispatch(NULL)
#21 C:\\Users\\User\\PhpstormProjects\\untitled2\\products_api\\public\\index.php(28): Laravel\\Lumen\\Application->run()
#22 {main}
"} 
[2022-09-06 15:46:30] local.ERROR: Class "Art4\JsonApiClient\Helper\Parser" not found {"exception":"[object] (Error(code: 0): Class \"Art4\\JsonApiClient\\Helper\\Parser\" not found at C:\\Users\\User\\PhpstormProjects\\untitled2\\products_api\\app\\Http\\Controllers\\CompanyController.php:30)
[stacktrace]
#0 C:\\Users\\User\\PhpstormProjects\\untitled2\\products_api\\vendor\\illuminate\\container\\BoundMethod.php(36): App\\Http\\Controllers\\CompanyController->GetCompanyId('1')
#1 C:\\Users\\User\\PhpstormProjects\\untitled2\\products_api\\vendor\\illuminate\\container\\Util.php(41): Illuminate\\Container\\BoundMethod::Illuminate\\Container\\{closure}()
#2 C:\\Users\\User\\PhpstormProjects\\untitled2\\products_api\\vendor\\illuminate\\container\\BoundMethod.php(93): Illuminate\\Container\\Util::unwrapIfClosure(Object(Closure))
#3 C:\\Users\\User\\PhpstormProjects\\untitled2\\products_api\\vendor\\illuminate\\container\\BoundMethod.php(37): Illuminate\\Container\\BoundMethod::callBoundMethod(Object(Laravel\\Lumen\\Application), Array, Object(Closure))
#4 C:\\Users\\User\\PhpstormProjects\\untitled2\\products_api\\vendor\\illuminate\\container\\Container.php(651): Illuminate\\Container\\BoundMethod::call(Object(Laravel\\Lumen\\Application), Array, Array, NULL)
#5 C:\\Users\\User\\PhpstormProjects\\untitled2\\products_api\\vendor\\laravel\\lumen-framework\\src\\Concerns\\RoutesRequests.php(389): Illuminate\\Container\\Container->call(Array, Array)
#6 C:\\Users\\User\\PhpstormProjects\\untitled2\\products_api\\vendor\\laravel\\lumen-framework\\src\\Concerns\\RoutesRequests.php(355): Laravel\\Lumen\\Application->callControllerCallable(Array, Array)
#7 C:\\Users\\User\\PhpstormProjects\\untitled2\\products_api\\vendor\\laravel\\lumen-framework\\src\\Concerns\\RoutesRequests.php(329): Laravel\\Lumen\\Application->callLumenController(Object(App\\Http\\Controllers\\CompanyController), 'GetCompanyId', Array)
#8 C:\\Users\\User\\PhpstormProjects\\untitled2\\products_api\\vendor\\laravel\\lumen-framework\\src\\Concerns\\RoutesRequests.php(282): Laravel\\Lumen\\Application->callControllerAction(Array)
#9 C:\\Users\\User\\PhpstormProjects\\untitled2\\products_api\\vendor\\laravel\\lumen-framework\\src\\Concerns\\RoutesRequests.php(267): Laravel\\Lumen\\Application->callActionOnArrayBasedRoute(Array)
#10 C:\\Users\\User\\PhpstormProjects\\untitled2\\products_api\\vendor\\laravel\\lumen-framework\\src\\Concerns\\RoutesRequests.php(237): Laravel\\Lumen\\Application->handleFoundRoute(Array)
#11 C:\\Users\\User\\PhpstormProjects\\untitled2\\products_api\\vendor\\laravel\\lumen-framework\\src\\Concerns\\RoutesRequests.php(173): Laravel\\Lumen\\Application->handleDispatcherResponse(Array)
#12 C:\\Users\\User\\PhpstormProjects\\untitled2\\products_api\\vendor\\laravel\\lumen-framework\\src\\Routing\\Pipeline.php(48): Laravel\\Lumen\\Application->Laravel\\Lumen\\Concerns\\{closure}(Object(Laravel\\Lumen\\Http\\Request))
#13 C:\\Users\\User\\PhpstormProjects\\untitled2\\products_api\\app\\Http\\Middleware\\ExampleMiddleware.php(18): Laravel\\Lumen\\Routing\\Pipeline->Laravel\\Lumen\\Routing\\{closure}(Object(Laravel\\Lumen\\Http\\Request))
#14 C:\\Users\\User\\PhpstormProjects\\untitled2\\products_api\\vendor\\illuminate\\pipeline\\Pipeline.php(180): App\\Http\\Middleware\\ExampleMiddleware->handle(Object(Laravel\\Lumen\\Http\\Request), Object(Closure))
#15 C:\\Users\\User\\PhpstormProjects\\untitled2\\products_api\\vendor\\laravel\\lumen-framework\\src\\Routing\\Pipeline.php(30): Illuminate\\Pipeline\\Pipeline->Illuminate\\Pipeline\\{closure}(Object(Laravel\\Lumen\\Http\\Request))
#16 C:\\Users\\User\\PhpstormProjects\\untitled2\\products_api\\vendor\\illuminate\\pipeline\\Pipeline.php(116): Laravel\\Lumen\\Routing\\Pipeline->Laravel\\Lumen\\Routing\\{closure}(Object(Laravel\\Lumen\\Http\\Request))
#17 C:\\Users\\User\\PhpstormProjects\\untitled2\\products_api\\vendor\\laravel\\lumen-framework\\src\\Concerns\\RoutesRequests.php(426): Illuminate\\Pipeline\\Pipeline->then(Object(Closure))
#18 C:\\Users\\User\\PhpstormProjects\\untitled2\\products_api\\vendor\\laravel\\lumen-framework\\src\\Concerns\\RoutesRequests.php(175): Laravel\\Lumen\\Application->sendThroughPipeline(Array, Object(Closure))
#19 C:\\Users\\User\\PhpstormProjects\\untitled2\\products_api\\vendor\\laravel\\lumen-framework\\src\\Concerns\\RoutesRequests.php(112): Laravel\\Lumen\\Application->dispatch(NULL)
#20 C:\\Users\\User\\PhpstormProjects\\untitled2\\products_api\\public\\index.php(28): Laravel\\Lumen\\Application->run()
#21 {main}
"} 
[2022-09-06 16:17:45] local.ERROR: $data needs to be either a DataResource or an array of DataResource objects {"exception":"[object] (Floor9design\\JsonApiFormatter\\Exceptions\\JsonApiFormatterException(code: 0): $data needs to be either a DataResource or an array of DataResource objects at C:\\Users\\User\\PhpstormProjects\\untitled2\\products_api\\vendor\\floor9design\\json-api-formatter\\src\\Models\\JsonApiFormatter.php:105)
[stacktrace]
#0 C:\\Users\\User\\PhpstormProjects\\untitled2\\products_api\\vendor\\floor9design\\json-api-formatter\\src\\Models\\JsonApiFormatter.php(776): Floor9design\\JsonApiFormatter\\Models\\JsonApiFormatter->setData(Object(Illuminate\\Database\\Eloquent\\Collection))
#1 C:\\Users\\User\\PhpstormProjects\\untitled2\\products_api\\app\\Http\\Controllers\\CompanyController.php(18): Floor9design\\JsonApiFormatter\\Models\\JsonApiFormatter->dataResourceResponseArray(Object(Illuminate\\Database\\Eloquent\\Collection))
#2 C:\\Users\\User\\PhpstormProjects\\untitled2\\products_api\\vendor\\illuminate\\container\\BoundMethod.php(36): App\\Http\\Controllers\\CompanyController->GetAllCompany()
#3 C:\\Users\\User\\PhpstormProjects\\untitled2\\products_api\\vendor\\illuminate\\container\\Util.php(41): Illuminate\\Container\\BoundMethod::Illuminate\\Container\\{closure}()
#4 C:\\Users\\User\\PhpstormProjects\\untitled2\\products_api\\vendor\\illuminate\\container\\BoundMethod.php(93): Illuminate\\Container\\Util::unwrapIfClosure(Object(Closure))
#5 C:\\Users\\User\\PhpstormProjects\\untitled2\\products_api\\vendor\\illuminate\\container\\BoundMethod.php(37): Illuminate\\Container\\BoundMethod::callBoundMethod(Object(Laravel\\Lumen\\Application), Array, Object(Closure))
#6 C:\\Users\\User\\PhpstormProjects\\untitled2\\products_api\\vendor\\illuminate\\container\\Container.php(651): Illuminate\\Container\\BoundMethod::call(Object(Laravel\\Lumen\\Application), Array, Array, NULL)
#7 C:\\Users\\User\\PhpstormProjects\\untitled2\\products_api\\vendor\\laravel\\lumen-framework\\src\\Concerns\\RoutesRequests.php(389): Illuminate\\Container\\Container->call(Array, Array)
#8 C:\\Users\\User\\PhpstormProjects\\untitled2\\products_api\\vendor\\laravel\\lumen-framework\\src\\Concerns\\RoutesRequests.php(355): Laravel\\Lumen\\Application->callControllerCallable(Array, Array)
#9 C:\\Users\\User\\PhpstormProjects\\untitled2\\products_api\\vendor\\laravel\\lumen-framework\\src\\Concerns\\RoutesRequests.php(329): Laravel\\Lumen\\Application->callLumenController(Object(App\\Http\\Controllers\\CompanyController), 'GetAllCompany', Array)
#10 C:\\Users\\User\\PhpstormProjects\\untitled2\\products_api\\vendor\\laravel\\lumen-framework\\src\\Concerns\\RoutesRequests.php(282): Laravel\\Lumen\\Application->callControllerAction(Array)
#11 C:\\Users\\User\\PhpstormProjects\\untitled2\\products_api\\vendor\\laravel\\lumen-framework\\src\\Concerns\\RoutesRequests.php(267): Laravel\\Lumen\\Application->callActionOnArrayBasedRoute(Array)
#12 C:\\Users\\User\\PhpstormProjects\\untitled2\\products_api\\vendor\\laravel\\lumen-framework\\src\\Concerns\\RoutesRequests.php(169): Laravel\\Lumen\\Application->handleFoundRoute(Array)
#13 C:\\Users\\User\\PhpstormProjects\\untitled2\\products_api\\vendor\\laravel\\lumen-framework\\src\\Routing\\Pipeline.php(48): Laravel\\Lumen\\Application->Laravel\\Lumen\\Concerns\\{closure}(Object(Laravel\\Lumen\\Http\\Request))
#14 C:\\Users\\User\\PhpstormProjects\\untitled2\\products_api\\app\\Http\\Middleware\\ExampleMiddleware.php(18): Laravel\\Lumen\\Routing\\Pipeline->Laravel\\Lumen\\Routing\\{closure}(Object(Laravel\\Lumen\\Http\\Request))
#15 C:\\Users\\User\\PhpstormProjects\\untitled2\\products_api\\vendor\\illuminate\\pipeline\\Pipeline.php(180): App\\Http\\Middleware\\ExampleMiddleware->handle(Object(Laravel\\Lumen\\Http\\Request), Object(Closure))
#16 C:\\Users\\User\\PhpstormProjects\\untitled2\\products_api\\vendor\\laravel\\lumen-framework\\src\\Routing\\Pipeline.php(30): Illuminate\\Pipeline\\Pipeline->Illuminate\\Pipeline\\{closure}(Object(Laravel\\Lumen\\Http\\Request))
#17 C:\\Users\\User\\PhpstormProjects\\untitled2\\products_api\\vendor\\illuminate\\pipeline\\Pipeline.php(116): Laravel\\Lumen\\Routing\\Pipeline->Laravel\\Lumen\\Routing\\{closure}(Object(Laravel\\Lumen\\Http\\Request))
#18 C:\\Users\\User\\PhpstormProjects\\untitled2\\products_api\\vendor\\laravel\\lumen-framework\\src\\Concerns\\RoutesRequests.php(426): Illuminate\\Pipeline\\Pipeline->then(Object(Closure))
#19 C:\\Users\\User\\PhpstormProjects\\untitled2\\products_api\\vendor\\laravel\\lumen-framework\\src\\Concerns\\RoutesRequests.php(175): Laravel\\Lumen\\Application->sendThroughPipeline(Array, Object(Closure))
#20 C:\\Users\\User\\PhpstormProjects\\untitled2\\products_api\\vendor\\laravel\\lumen-framework\\src\\Concerns\\RoutesRequests.php(112): Laravel\\Lumen\\Application->dispatch(NULL)
#21 C:\\Users\\User\\PhpstormProjects\\untitled2\\products_api\\public\\index.php(28): Laravel\\Lumen\\Application->run()
#22 {main}
"} 
[2022-09-06 17:01:31] local.ERROR: Method Laravel\Lumen\Http\ResponseFactory::getJsonapi does not exist. {"exception":"[object] (BadMethodCallException(code: 0): Method Laravel\\Lumen\\Http\\ResponseFactory::getJsonapi does not exist. at C:\\Users\\User\\PhpstormProjects\\untitled2\\products_api\\vendor\\illuminate\\macroable\\Traits\\Macroable.php:113)
[stacktrace]
#0 C:\\Users\\User\\PhpstormProjects\\untitled2\\products_api\\app\\Http\\Controllers\\CompanyController.php(26): Laravel\\Lumen\\Http\\ResponseFactory->__call('getJsonapi', Array)
#1 C:\\Users\\User\\PhpstormProjects\\untitled2\\products_api\\vendor\\illuminate\\container\\BoundMethod.php(36): App\\Http\\Controllers\\CompanyController->GetCompanyId('1')
#2 C:\\Users\\User\\PhpstormProjects\\untitled2\\products_api\\vendor\\illuminate\\container\\Util.php(41): Illuminate\\Container\\BoundMethod::Illuminate\\Container\\{closure}()
#3 C:\\Users\\User\\PhpstormProjects\\untitled2\\products_api\\vendor\\illuminate\\container\\BoundMethod.php(93): Illuminate\\Container\\Util::unwrapIfClosure(Object(Closure))
#4 C:\\Users\\User\\PhpstormProjects\\untitled2\\products_api\\vendor\\illuminate\\container\\BoundMethod.php(37): Illuminate\\Container\\BoundMethod::callBoundMethod(Object(Laravel\\Lumen\\Application), Array, Object(Closure))
#5 C:\\Users\\User\\PhpstormProjects\\untitled2\\products_api\\vendor\\illuminate\\container\\Container.php(651): Illuminate\\Container\\BoundMethod::call(Object(Laravel\\Lumen\\Application), Array, Array, NULL)
#6 C:\\Users\\User\\PhpstormProjects\\untitled2\\products_api\\vendor\\laravel\\lumen-framework\\src\\Concerns\\RoutesRequests.php(389): Illuminate\\Container\\Container->call(Array, Array)
#7 C:\\Users\\User\\PhpstormProjects\\untitled2\\products_api\\vendor\\laravel\\lumen-framework\\src\\Concerns\\RoutesRequests.php(355): Laravel\\Lumen\\Application->callControllerCallable(Array, Array)
#8 C:\\Users\\User\\PhpstormProjects\\untitled2\\products_api\\vendor\\laravel\\lumen-framework\\src\\Concerns\\RoutesRequests.php(329): Laravel\\Lumen\\Application->callLumenController(Object(App\\Http\\Controllers\\CompanyController), 'GetCompanyId', Array)
#9 C:\\Users\\User\\PhpstormProjects\\untitled2\\products_api\\vendor\\laravel\\lumen-framework\\src\\Concerns\\RoutesRequests.php(282): Laravel\\Lumen\\Application->callControllerAction(Array)
#10 C:\\Users\\User\\PhpstormProjects\\untitled2\\products_api\\vendor\\laravel\\lumen-framework\\src\\Concerns\\RoutesRequests.php(267): Laravel\\Lumen\\Application->callActionOnArrayBasedRoute(Array)
#11 C:\\Users\\User\\PhpstormProjects\\untitled2\\products_api\\vendor\\laravel\\lumen-framework\\src\\Concerns\\RoutesRequests.php(237): Laravel\\Lumen\\Application->handleFoundRoute(Array)
#12 C:\\Users\\User\\PhpstormProjects\\untitled2\\products_api\\vendor\\laravel\\lumen-framework\\src\\Concerns\\RoutesRequests.php(173): Laravel\\Lumen\\Application->handleDispatcherResponse(Array)
#13 C:\\Users\\User\\PhpstormProjects\\untitled2\\products_api\\vendor\\laravel\\lumen-framework\\src\\Routing\\Pipeline.php(48): Laravel\\Lumen\\Application->Laravel\\Lumen\\Concerns\\{closure}(Object(Laravel\\Lumen\\Http\\Request))
#14 C:\\Users\\User\\PhpstormProjects\\untitled2\\products_api\\app\\Http\\Middleware\\ExampleMiddleware.php(18): Laravel\\Lumen\\Routing\\Pipeline->Laravel\\Lumen\\Routing\\{closure}(Object(Laravel\\Lumen\\Http\\Request))
#15 C:\\Users\\User\\PhpstormProjects\\untitled2\\products_api\\vendor\\illuminate\\pipeline\\Pipeline.php(180): App\\Http\\Middleware\\ExampleMiddleware->handle(Object(Laravel\\Lumen\\Http\\Request), Object(Closure))
#16 C:\\Users\\User\\PhpstormProjects\\untitled2\\products_api\\vendor\\laravel\\lumen-framework\\src\\Routing\\Pipeline.php(30): Illuminate\\Pipeline\\Pipeline->Illuminate\\Pipeline\\{closure}(Object(Laravel\\Lumen\\Http\\Request))
#17 C:\\Users\\User\\PhpstormProjects\\untitled2\\products_api\\vendor\\illuminate\\pipeline\\Pipeline.php(116): Laravel\\Lumen\\Routing\\Pipeline->Laravel\\Lumen\\Routing\\{closure}(Object(Laravel\\Lumen\\Http\\Request))
#18 C:\\Users\\User\\PhpstormProjects\\untitled2\\products_api\\vendor\\laravel\\lumen-framework\\src\\Concerns\\RoutesRequests.php(426): Illuminate\\Pipeline\\Pipeline->then(Object(Closure))
#19 C:\\Users\\User\\PhpstormProjects\\untitled2\\products_api\\vendor\\laravel\\lumen-framework\\src\\Concerns\\RoutesRequests.php(175): Laravel\\Lumen\\Application->sendThroughPipeline(Array, Object(Closure))
#20 C:\\Users\\User\\PhpstormProjects\\untitled2\\products_api\\vendor\\laravel\\lumen-framework\\src\\Concerns\\RoutesRequests.php(112): Laravel\\Lumen\\Application->dispatch(NULL)
#21 C:\\Users\\User\\PhpstormProjects\\untitled2\\products_api\\public\\index.php(28): Laravel\\Lumen\\Application->run()
#22 {main}
"} 
[2022-09-06 17:03:23] local.ERROR: $data needs to be either a DataResource or an array of DataResource objects {"exception":"[object] (Floor9design\\JsonApiFormatter\\Exceptions\\JsonApiFormatterException(code: 0): $data needs to be either a DataResource or an array of DataResource objects at C:\\Users\\User\\PhpstormProjects\\untitled2\\products_api\\vendor\\floor9design\\json-api-formatter\\src\\Models\\JsonApiFormatter.php:105)
[stacktrace]
#0 C:\\Users\\User\\PhpstormProjects\\untitled2\\products_api\\vendor\\floor9design\\json-api-formatter\\src\\Models\\JsonApiFormatter.php(776): Floor9design\\JsonApiFormatter\\Models\\JsonApiFormatter->setData(Object(Illuminate\\Database\\Eloquent\\Collection))
#1 C:\\Users\\User\\PhpstormProjects\\untitled2\\products_api\\app\\Http\\Controllers\\CompanyController.php(18): Floor9design\\JsonApiFormatter\\Models\\JsonApiFormatter->dataResourceResponseArray(Object(Illuminate\\Database\\Eloquent\\Collection))
#2 C:\\Users\\User\\PhpstormProjects\\untitled2\\products_api\\vendor\\illuminate\\container\\BoundMethod.php(36): App\\Http\\Controllers\\CompanyController->GetAllCompany()
#3 C:\\Users\\User\\PhpstormProjects\\untitled2\\products_api\\vendor\\illuminate\\container\\Util.php(41): Illuminate\\Container\\BoundMethod::Illuminate\\Container\\{closure}()
#4 C:\\Users\\User\\PhpstormProjects\\untitled2\\products_api\\vendor\\illuminate\\container\\BoundMethod.php(93): Illuminate\\Container\\Util::unwrapIfClosure(Object(Closure))
#5 C:\\Users\\User\\PhpstormProjects\\untitled2\\products_api\\vendor\\illuminate\\container\\BoundMethod.php(37): Illuminate\\Container\\BoundMethod::callBoundMethod(Object(Laravel\\Lumen\\Application), Array, Object(Closure))
#6 C:\\Users\\User\\PhpstormProjects\\untitled2\\products_api\\vendor\\illuminate\\container\\Container.php(651): Illuminate\\Container\\BoundMethod::call(Object(Laravel\\Lumen\\Application), Array, Array, NULL)
#7 C:\\Users\\User\\PhpstormProjects\\untitled2\\products_api\\vendor\\laravel\\lumen-framework\\src\\Concerns\\RoutesRequests.php(389): Illuminate\\Container\\Container->call(Array, Array)
#8 C:\\Users\\User\\PhpstormProjects\\untitled2\\products_api\\vendor\\laravel\\lumen-framework\\src\\Concerns\\RoutesRequests.php(355): Laravel\\Lumen\\Application->callControllerCallable(Array, Array)
#9 C:\\Users\\User\\PhpstormProjects\\untitled2\\products_api\\vendor\\laravel\\lumen-framework\\src\\Concerns\\RoutesRequests.php(329): Laravel\\Lumen\\Application->callLumenController(Object(App\\Http\\Controllers\\CompanyController), 'GetAllCompany', Array)
#10 C:\\Users\\User\\PhpstormProjects\\untitled2\\products_api\\vendor\\laravel\\lumen-framework\\src\\Concerns\\RoutesRequests.php(282): Laravel\\Lumen\\Application->callControllerAction(Array)
#11 C:\\Users\\User\\PhpstormProjects\\untitled2\\products_api\\vendor\\laravel\\lumen-framework\\src\\Concerns\\RoutesRequests.php(267): Laravel\\Lumen\\Application->callActionOnArrayBasedRoute(Array)
#12 C:\\Users\\User\\PhpstormProjects\\untitled2\\products_api\\vendor\\laravel\\lumen-framework\\src\\Concerns\\RoutesRequests.php(169): Laravel\\Lumen\\Application->handleFoundRoute(Array)
#13 C:\\Users\\User\\PhpstormProjects\\untitled2\\products_api\\vendor\\laravel\\lumen-framework\\src\\Routing\\Pipeline.php(48): Laravel\\Lumen\\Application->Laravel\\Lumen\\Concerns\\{closure}(Object(Laravel\\Lumen\\Http\\Request))
#14 C:\\Users\\User\\PhpstormProjects\\untitled2\\products_api\\app\\Http\\Middleware\\ExampleMiddleware.php(18): Laravel\\Lumen\\Routing\\Pipeline->Laravel\\Lumen\\Routing\\{closure}(Object(Laravel\\Lumen\\Http\\Request))
#15 C:\\Users\\User\\PhpstormProjects\\untitled2\\products_api\\vendor\\illuminate\\pipeline\\Pipeline.php(180): App\\Http\\Middleware\\ExampleMiddleware->handle(Object(Laravel\\Lumen\\Http\\Request), Object(Closure))
#16 C:\\Users\\User\\PhpstormProjects\\untitled2\\products_api\\vendor\\laravel\\lumen-framework\\src\\Routing\\Pipeline.php(30): Illuminate\\Pipeline\\Pipeline->Illuminate\\Pipeline\\{closure}(Object(Laravel\\Lumen\\Http\\Request))
#17 C:\\Users\\User\\PhpstormProjects\\untitled2\\products_api\\vendor\\illuminate\\pipeline\\Pipeline.php(116): Laravel\\Lumen\\Routing\\Pipeline->Laravel\\Lumen\\Routing\\{closure}(Object(Laravel\\Lumen\\Http\\Request))
#18 C:\\Users\\User\\PhpstormProjects\\untitled2\\products_api\\vendor\\laravel\\lumen-framework\\src\\Concerns\\RoutesRequests.php(426): Illuminate\\Pipeline\\Pipeline->then(Object(Closure))
#19 C:\\Users\\User\\PhpstormProjects\\untitled2\\products_api\\vendor\\laravel\\lumen-framework\\src\\Concerns\\RoutesRequests.php(175): Laravel\\Lumen\\Application->sendThroughPipeline(Array, Object(Closure))
#20 C:\\Users\\User\\PhpstormProjects\\untitled2\\products_api\\vendor\\laravel\\lumen-framework\\src\\Concerns\\RoutesRequests.php(112): Laravel\\Lumen\\Application->dispatch(NULL)
#21 C:\\Users\\User\\PhpstormProjects\\untitled2\\products_api\\public\\index.php(28): Laravel\\Lumen\\Application->run()
#22 {main}
"} 
[2022-09-06 17:09:00] local.ERROR: $data needs to be either a DataResource or an array of DataResource objects {"exception":"[object] (Floor9design\\JsonApiFormatter\\Exceptions\\JsonApiFormatterException(code: 0): $data needs to be either a DataResource or an array of DataResource objects at C:\\Users\\User\\PhpstormProjects\\untitled2\\products_api\\vendor\\floor9design\\json-api-formatter\\src\\Models\\JsonApiFormatter.php:105)
[stacktrace]
#0 C:\\Users\\User\\PhpstormProjects\\untitled2\\products_api\\vendor\\floor9design\\json-api-formatter\\src\\Models\\JsonApiFormatter.php(776): Floor9design\\JsonApiFormatter\\Models\\JsonApiFormatter->setData('2')
#1 C:\\Users\\User\\PhpstormProjects\\untitled2\\products_api\\vendor\\floor9design\\json-api-formatter\\src\\Models\\JsonApiFormatter.php(758): Floor9design\\JsonApiFormatter\\Models\\JsonApiFormatter->dataResourceResponseArray('2')
#2 C:\\Users\\User\\PhpstormProjects\\untitled2\\products_api\\app\\Http\\Controllers\\CompanyController.php(34): Floor9design\\JsonApiFormatter\\Models\\JsonApiFormatter->dataResourceResponse('2', 'test', Array)
#3 C:\\Users\\User\\PhpstormProjects\\untitled2\\products_api\\vendor\\illuminate\\container\\BoundMethod.php(36): App\\Http\\Controllers\\CompanyController->GetCompanyJson()
#4 C:\\Users\\User\\PhpstormProjects\\untitled2\\products_api\\vendor\\illuminate\\container\\Util.php(41): Illuminate\\Container\\BoundMethod::Illuminate\\Container\\{closure}()
#5 C:\\Users\\User\\PhpstormProjects\\untitled2\\products_api\\vendor\\illuminate\\container\\BoundMethod.php(93): Illuminate\\Container\\Util::unwrapIfClosure(Object(Closure))
#6 C:\\Users\\User\\PhpstormProjects\\untitled2\\products_api\\vendor\\illuminate\\container\\BoundMethod.php(37): Illuminate\\Container\\BoundMethod::callBoundMethod(Object(Laravel\\Lumen\\Application), Array, Object(Closure))
#7 C:\\Users\\User\\PhpstormProjects\\untitled2\\products_api\\vendor\\illuminate\\container\\Container.php(651): Illuminate\\Container\\BoundMethod::call(Object(Laravel\\Lumen\\Application), Array, Array, NULL)
#8 C:\\Users\\User\\PhpstormProjects\\untitled2\\products_api\\vendor\\laravel\\lumen-framework\\src\\Concerns\\RoutesRequests.php(389): Illuminate\\Container\\Container->call(Array, Array)
#9 C:\\Users\\User\\PhpstormProjects\\untitled2\\products_api\\vendor\\laravel\\lumen-framework\\src\\Concerns\\RoutesRequests.php(355): Laravel\\Lumen\\Application->callControllerCallable(Array, Array)
#10 C:\\Users\\User\\PhpstormProjects\\untitled2\\products_api\\vendor\\laravel\\lumen-framework\\src\\Concerns\\RoutesRequests.php(329): Laravel\\Lumen\\Application->callLumenController(Object(App\\Http\\Controllers\\CompanyController), 'GetCompanyJson', Array)
#11 C:\\Users\\User\\PhpstormProjects\\untitled2\\products_api\\vendor\\laravel\\lumen-framework\\src\\Concerns\\RoutesRequests.php(282): Laravel\\Lumen\\Application->callControllerAction(Array)
#12 C:\\Users\\User\\PhpstormProjects\\untitled2\\products_api\\vendor\\laravel\\lumen-framework\\src\\Concerns\\RoutesRequests.php(267): Laravel\\Lumen\\Application->callActionOnArrayBasedRoute(Array)
#13 C:\\Users\\User\\PhpstormProjects\\untitled2\\products_api\\vendor\\laravel\\lumen-framework\\src\\Concerns\\RoutesRequests.php(169): Laravel\\Lumen\\Application->handleFoundRoute(Array)
#14 C:\\Users\\User\\PhpstormProjects\\untitled2\\products_api\\vendor\\laravel\\lumen-framework\\src\\Routing\\Pipeline.php(48): Laravel\\Lumen\\Application->Laravel\\Lumen\\Concerns\\{closure}(Object(Laravel\\Lumen\\Http\\Request))
#15 C:\\Users\\User\\PhpstormProjects\\untitled2\\products_api\\app\\Http\\Middleware\\ExampleMiddleware.php(18): Laravel\\Lumen\\Routing\\Pipeline->Laravel\\Lumen\\Routing\\{closure}(Object(Laravel\\Lumen\\Http\\Request))
#16 C:\\Users\\User\\PhpstormProjects\\untitled2\\products_api\\vendor\\illuminate\\pipeline\\Pipeline.php(180): App\\Http\\Middleware\\ExampleMiddleware->handle(Object(Laravel\\Lumen\\Http\\Request), Object(Closure))
#17 C:\\Users\\User\\PhpstormProjects\\untitled2\\products_api\\vendor\\laravel\\lumen-framework\\src\\Routing\\Pipeline.php(30): Illuminate\\Pipeline\\Pipeline->Illuminate\\Pipeline\\{closure}(Object(Laravel\\Lumen\\Http\\Request))
#18 C:\\Users\\User\\PhpstormProjects\\untitled2\\products_api\\vendor\\illuminate\\pipeline\\Pipeline.php(116): Laravel\\Lumen\\Routing\\Pipeline->Laravel\\Lumen\\Routing\\{closure}(Object(Laravel\\Lumen\\Http\\Request))
#19 C:\\Users\\User\\PhpstormProjects\\untitled2\\products_api\\vendor\\laravel\\lumen-framework\\src\\Concerns\\RoutesRequests.php(426): Illuminate\\Pipeline\\Pipeline->then(Object(Closure))
#20 C:\\Users\\User\\PhpstormProjects\\untitled2\\products_api\\vendor\\laravel\\lumen-framework\\src\\Concerns\\RoutesRequests.php(175): Laravel\\Lumen\\Application->sendThroughPipeline(Array, Object(Closure))
#21 C:\\Users\\User\\PhpstormProjects\\untitled2\\products_api\\vendor\\laravel\\lumen-framework\\src\\Concerns\\RoutesRequests.php(112): Laravel\\Lumen\\Application->dispatch(NULL)
#22 C:\\Users\\User\\PhpstormProjects\\untitled2\\products_api\\public\\index.php(28): Laravel\\Lumen\\Application->run()
#23 {main}
"} 
[2022-09-06 17:09:17] local.ERROR: $data needs to be either a DataResource or an array of DataResource objects {"exception":"[object] (Floor9design\\JsonApiFormatter\\Exceptions\\JsonApiFormatterException(code: 0): $data needs to be either a DataResource or an array of DataResource objects at C:\\Users\\User\\PhpstormProjects\\untitled2\\products_api\\vendor\\floor9design\\json-api-formatter\\src\\Models\\JsonApiFormatter.php:105)
[stacktrace]
#0 C:\\Users\\User\\PhpstormProjects\\untitled2\\products_api\\vendor\\floor9design\\json-api-formatter\\src\\Models\\JsonApiFormatter.php(776): Floor9design\\JsonApiFormatter\\Models\\JsonApiFormatter->setData('2')
#1 C:\\Users\\User\\PhpstormProjects\\untitled2\\products_api\\app\\Http\\Controllers\\CompanyController.php(34): Floor9design\\JsonApiFormatter\\Models\\JsonApiFormatter->dataResourceResponseArray('2', 'test', Array)
#2 C:\\Users\\User\\PhpstormProjects\\untitled2\\products_api\\vendor\\illuminate\\container\\BoundMethod.php(36): App\\Http\\Controllers\\CompanyController->GetCompanyJson()
#3 C:\\Users\\User\\PhpstormProjects\\untitled2\\products_api\\vendor\\illuminate\\container\\Util.php(41): Illuminate\\Container\\BoundMethod::Illuminate\\Container\\{closure}()
#4 C:\\Users\\User\\PhpstormProjects\\untitled2\\products_api\\vendor\\illuminate\\container\\BoundMethod.php(93): Illuminate\\Container\\Util::unwrapIfClosure(Object(Closure))
#5 C:\\Users\\User\\PhpstormProjects\\untitled2\\products_api\\vendor\\illuminate\\container\\BoundMethod.php(37): Illuminate\\Container\\BoundMethod::callBoundMethod(Object(Laravel\\Lumen\\Application), Array, Object(Closure))
#6 C:\\Users\\User\\PhpstormProjects\\untitled2\\products_api\\vendor\\illuminate\\container\\Container.php(651): Illuminate\\Container\\BoundMethod::call(Object(Laravel\\Lumen\\Application), Array, Array, NULL)
#7 C:\\Users\\User\\PhpstormProjects\\untitled2\\products_api\\vendor\\laravel\\lumen-framework\\src\\Concerns\\RoutesRequests.php(389): Illuminate\\Container\\Container->call(Array, Array)
#8 C:\\Users\\User\\PhpstormProjects\\untitled2\\products_api\\vendor\\laravel\\lumen-framework\\src\\Concerns\\RoutesRequests.php(355): Laravel\\Lumen\\Application->callControllerCallable(Array, Array)
#9 C:\\Users\\User\\PhpstormProjects\\untitled2\\products_api\\vendor\\laravel\\lumen-framework\\src\\Concerns\\RoutesRequests.php(329): Laravel\\Lumen\\Application->callLumenController(Object(App\\Http\\Controllers\\CompanyController), 'GetCompanyJson', Array)
#10 C:\\Users\\User\\PhpstormProjects\\untitled2\\products_api\\vendor\\laravel\\lumen-framework\\src\\Concerns\\RoutesRequests.php(282): Laravel\\Lumen\\Application->callControllerAction(Array)
#11 C:\\Users\\User\\PhpstormProjects\\untitled2\\products_api\\vendor\\laravel\\lumen-framework\\src\\Concerns\\RoutesRequests.php(267): Laravel\\Lumen\\Application->callActionOnArrayBasedRoute(Array)
#12 C:\\Users\\User\\PhpstormProjects\\untitled2\\products_api\\vendor\\laravel\\lumen-framework\\src\\Concerns\\RoutesRequests.php(169): Laravel\\Lumen\\Application->handleFoundRoute(Array)
#13 C:\\Users\\User\\PhpstormProjects\\untitled2\\products_api\\vendor\\laravel\\lumen-framework\\src\\Routing\\Pipeline.php(48): Laravel\\Lumen\\Application->Laravel\\Lumen\\Concerns\\{closure}(Object(Laravel\\Lumen\\Http\\Request))
#14 C:\\Users\\User\\PhpstormProjects\\untitled2\\products_api\\app\\Http\\Middleware\\ExampleMiddleware.php(18): Laravel\\Lumen\\Routing\\Pipeline->Laravel\\Lumen\\Routing\\{closure}(Object(Laravel\\Lumen\\Http\\Request))
#15 C:\\Users\\User\\PhpstormProjects\\untitled2\\products_api\\vendor\\illuminate\\pipeline\\Pipeline.php(180): App\\Http\\Middleware\\ExampleMiddleware->handle(Object(Laravel\\Lumen\\Http\\Request), Object(Closure))
#16 C:\\Users\\User\\PhpstormProjects\\untitled2\\products_api\\vendor\\laravel\\lumen-framework\\src\\Routing\\Pipeline.php(30): Illuminate\\Pipeline\\Pipeline->Illuminate\\Pipeline\\{closure}(Object(Laravel\\Lumen\\Http\\Request))
#17 C:\\Users\\User\\PhpstormProjects\\untitled2\\products_api\\vendor\\illuminate\\pipeline\\Pipeline.php(116): Laravel\\Lumen\\Routing\\Pipeline->Laravel\\Lumen\\Routing\\{closure}(Object(Laravel\\Lumen\\Http\\Request))
#18 C:\\Users\\User\\PhpstormProjects\\untitled2\\products_api\\vendor\\laravel\\lumen-framework\\src\\Concerns\\RoutesRequests.php(426): Illuminate\\Pipeline\\Pipeline->then(Object(Closure))
#19 C:\\Users\\User\\PhpstormProjects\\untitled2\\products_api\\vendor\\laravel\\lumen-framework\\src\\Concerns\\RoutesRequests.php(175): Laravel\\Lumen\\Application->sendThroughPipeline(Array, Object(Closure))
#20 C:\\Users\\User\\PhpstormProjects\\untitled2\\products_api\\vendor\\laravel\\lumen-framework\\src\\Concerns\\RoutesRequests.php(112): Laravel\\Lumen\\Application->dispatch(NULL)
#21 C:\\Users\\User\\PhpstormProjects\\untitled2\\products_api\\public\\index.php(28): Laravel\\Lumen\\Application->run()
#22 {main}
"} 
[2022-09-06 17:11:50] local.ERROR: Static route "/company/json" is shadowed by previously defined variable route "/company/([^/]+)" for method "GET" {"exception":"[object] (FastRoute\\BadRouteException(code: 0): Static route \"/company/json\" is shadowed by previously defined variable route \"/company/([^/]+)\" for method \"GET\" at C:\\Users\\User\\PhpstormProjects\\untitled2\\products_api\\vendor\\nikic\\fast-route\\src\\DataGenerator\\RegexBasedAbstract.php:95)
[stacktrace]
#0 C:\\Users\\User\\PhpstormProjects\\untitled2\\products_api\\vendor\\nikic\\fast-route\\src\\DataGenerator\\RegexBasedAbstract.php(30): FastRoute\\DataGenerator\\RegexBasedAbstract->addStaticRoute('GET', Array, Array)
#1 C:\\Users\\User\\PhpstormProjects\\untitled2\\products_api\\vendor\\nikic\\fast-route\\src\\RouteCollector.php(44): FastRoute\\DataGenerator\\RegexBasedAbstract->addRoute('GET', Array, Array)
#2 C:\\Users\\User\\PhpstormProjects\\untitled2\\products_api\\vendor\\laravel\\lumen-framework\\src\\Concerns\\RoutesRequests.php(207): FastRoute\\RouteCollector->addRoute('GET', '/company/json', Array)
#3 C:\\Users\\User\\PhpstormProjects\\untitled2\\products_api\\vendor\\nikic\\fast-route\\src\\functions.php(25): Laravel\\Lumen\\Application->Laravel\\Lumen\\Concerns\\{closure}(Object(FastRoute\\RouteCollector))
#4 C:\\Users\\User\\PhpstormProjects\\untitled2\\products_api\\vendor\\laravel\\lumen-framework\\src\\Concerns\\RoutesRequests.php(209): FastRoute\\simpleDispatcher(Object(Closure))
#5 C:\\Users\\User\\PhpstormProjects\\untitled2\\products_api\\vendor\\laravel\\lumen-framework\\src\\Concerns\\RoutesRequests.php(173): Laravel\\Lumen\\Application->createDispatcher()
#6 C:\\Users\\User\\PhpstormProjects\\untitled2\\products_api\\vendor\\laravel\\lumen-framework\\src\\Routing\\Pipeline.php(48): Laravel\\Lumen\\Application->Laravel\\Lumen\\Concerns\\{closure}(Object(Laravel\\Lumen\\Http\\Request))
#7 C:\\Users\\User\\PhpstormProjects\\untitled2\\products_api\\app\\Http\\Middleware\\ExampleMiddleware.php(18): Laravel\\Lumen\\Routing\\Pipeline->Laravel\\Lumen\\Routing\\{closure}(Object(Laravel\\Lumen\\Http\\Request))
#8 C:\\Users\\User\\PhpstormProjects\\untitled2\\products_api\\vendor\\illuminate\\pipeline\\Pipeline.php(180): App\\Http\\Middleware\\ExampleMiddleware->handle(Object(Laravel\\Lumen\\Http\\Request), Object(Closure))
#9 C:\\Users\\User\\PhpstormProjects\\untitled2\\products_api\\vendor\\laravel\\lumen-framework\\src\\Routing\\Pipeline.php(30): Illuminate\\Pipeline\\Pipeline->Illuminate\\Pipeline\\{closure}(Object(Laravel\\Lumen\\Http\\Request))
#10 C:\\Users\\User\\PhpstormProjects\\untitled2\\products_api\\vendor\\illuminate\\pipeline\\Pipeline.php(116): Laravel\\Lumen\\Routing\\Pipeline->Laravel\\Lumen\\Routing\\{closure}(Object(Laravel\\Lumen\\Http\\Request))
#11 C:\\Users\\User\\PhpstormProjects\\untitled2\\products_api\\vendor\\laravel\\lumen-framework\\src\\Concerns\\RoutesRequests.php(426): Illuminate\\Pipeline\\Pipeline->then(Object(Closure))
#12 C:\\Users\\User\\PhpstormProjects\\untitled2\\products_api\\vendor\\laravel\\lumen-framework\\src\\Concerns\\RoutesRequests.php(175): Laravel\\Lumen\\Application->sendThroughPipeline(Array, Object(Closure))
#13 C:\\Users\\User\\PhpstormProjects\\untitled2\\products_api\\vendor\\laravel\\lumen-framework\\src\\Concerns\\RoutesRequests.php(112): Laravel\\Lumen\\Application->dispatch(NULL)
#14 C:\\Users\\User\\PhpstormProjects\\untitled2\\products_api\\public\\index.php(28): Laravel\\Lumen\\Application->run()
#15 {main}
"} 
[2022-09-06 17:12:02] local.ERROR: Static route "/company/json" is shadowed by previously defined variable route "/company/([^/]+)" for method "GET" {"exception":"[object] (FastRoute\\BadRouteException(code: 0): Static route \"/company/json\" is shadowed by previously defined variable route \"/company/([^/]+)\" for method \"GET\" at C:\\Users\\User\\PhpstormProjects\\untitled2\\products_api\\vendor\\nikic\\fast-route\\src\\DataGenerator\\RegexBasedAbstract.php:95)
[stacktrace]
#0 C:\\Users\\User\\PhpstormProjects\\untitled2\\products_api\\vendor\\nikic\\fast-route\\src\\DataGenerator\\RegexBasedAbstract.php(30): FastRoute\\DataGenerator\\RegexBasedAbstract->addStaticRoute('GET', Array, Array)
#1 C:\\Users\\User\\PhpstormProjects\\untitled2\\products_api\\vendor\\nikic\\fast-route\\src\\RouteCollector.php(44): FastRoute\\DataGenerator\\RegexBasedAbstract->addRoute('GET', Array, Array)
#2 C:\\Users\\User\\PhpstormProjects\\untitled2\\products_api\\vendor\\laravel\\lumen-framework\\src\\Concerns\\RoutesRequests.php(207): FastRoute\\RouteCollector->addRoute('GET', '/company/json', Array)
#3 C:\\Users\\User\\PhpstormProjects\\untitled2\\products_api\\vendor\\nikic\\fast-route\\src\\functions.php(25): Laravel\\Lumen\\Application->Laravel\\Lumen\\Concerns\\{closure}(Object(FastRoute\\RouteCollector))
#4 C:\\Users\\User\\PhpstormProjects\\untitled2\\products_api\\vendor\\laravel\\lumen-framework\\src\\Concerns\\RoutesRequests.php(209): FastRoute\\simpleDispatcher(Object(Closure))
#5 C:\\Users\\User\\PhpstormProjects\\untitled2\\products_api\\vendor\\laravel\\lumen-framework\\src\\Concerns\\RoutesRequests.php(173): Laravel\\Lumen\\Application->createDispatcher()
#6 C:\\Users\\User\\PhpstormProjects\\untitled2\\products_api\\vendor\\laravel\\lumen-framework\\src\\Routing\\Pipeline.php(48): Laravel\\Lumen\\Application->Laravel\\Lumen\\Concerns\\{closure}(Object(Laravel\\Lumen\\Http\\Request))
#7 C:\\Users\\User\\PhpstormProjects\\untitled2\\products_api\\app\\Http\\Middleware\\ExampleMiddleware.php(18): Laravel\\Lumen\\Routing\\Pipeline->Laravel\\Lumen\\Routing\\{closure}(Object(Laravel\\Lumen\\Http\\Request))
#8 C:\\Users\\User\\PhpstormProjects\\untitled2\\products_api\\vendor\\illuminate\\pipeline\\Pipeline.php(180): App\\Http\\Middleware\\ExampleMiddleware->handle(Object(Laravel\\Lumen\\Http\\Request), Object(Closure))
#9 C:\\Users\\User\\PhpstormProjects\\untitled2\\products_api\\vendor\\laravel\\lumen-framework\\src\\Routing\\Pipeline.php(30): Illuminate\\Pipeline\\Pipeline->Illuminate\\Pipeline\\{closure}(Object(Laravel\\Lumen\\Http\\Request))
#10 C:\\Users\\User\\PhpstormProjects\\untitled2\\products_api\\vendor\\illuminate\\pipeline\\Pipeline.php(116): Laravel\\Lumen\\Routing\\Pipeline->Laravel\\Lumen\\Routing\\{closure}(Object(Laravel\\Lumen\\Http\\Request))
#11 C:\\Users\\User\\PhpstormProjects\\untitled2\\products_api\\vendor\\laravel\\lumen-framework\\src\\Concerns\\RoutesRequests.php(426): Illuminate\\Pipeline\\Pipeline->then(Object(Closure))
#12 C:\\Users\\User\\PhpstormProjects\\untitled2\\products_api\\vendor\\laravel\\lumen-framework\\src\\Concerns\\RoutesRequests.php(175): Laravel\\Lumen\\Application->sendThroughPipeline(Array, Object(Closure))
#13 C:\\Users\\User\\PhpstormProjects\\untitled2\\products_api\\vendor\\laravel\\lumen-framework\\src\\Concerns\\RoutesRequests.php(112): Laravel\\Lumen\\Application->dispatch(NULL)
#14 C:\\Users\\User\\PhpstormProjects\\untitled2\\products_api\\public\\index.php(28): Laravel\\Lumen\\Application->run()
#15 {main}
"} 
