[2022-09-01 06:55:58] local.ERROR: SQLSTATE[42000]: Syntax error or access violation: 1072 Key column 'company_id' doesn't exist in table (SQL: alter table `users` add constraint `users_company_id_foreign` foreign key (`company_id`) references `company` (`id`)) {"exception":"[object] (Illuminate\\Database\\QueryException(code: 42000): SQLSTATE[42000]: Syntax error or access violation: 1072 Key column 'company_id' doesn't exist in table (SQL: alter table `users` add constraint `users_company_id_foreign` foreign key (`company_id`) references `company` (`id`)) at C:\\Users\\User\\PhpstormProjects\\untitled2\\products_api\\vendor\\illuminate\\database\\Connection.php:759)
[stacktrace]
#0 C:\\Users\\User\\PhpstormProjects\\untitled2\\products_api\\vendor\\illuminate\\database\\Connection.php(719): Illuminate\\Database\\Connection->runQueryCallback('alter table `us...', Array, Object(Closure))
#1 C:\\Users\\User\\PhpstormProjects\\untitled2\\products_api\\vendor\\illuminate\\database\\Connection.php(545): Illuminate\\Database\\Connection->run('alter table `us...', Array, Object(Closure))
#2 C:\\Users\\User\\PhpstormProjects\\untitled2\\products_api\\vendor\\illuminate\\database\\Schema\\Blueprint.php(109): Illuminate\\Database\\Connection->statement('alter table `us...')
#3 C:\\Users\\User\\PhpstormProjects\\untitled2\\products_api\\vendor\\illuminate\\database\\Schema\\Builder.php(394): Illuminate\\Database\\Schema\\Blueprint->build(Object(Illuminate\\Database\\MySqlConnection), Object(Illuminate\\Database\\Schema\\Grammars\\MySqlGrammar))
#4 C:\\Users\\User\\PhpstormProjects\\untitled2\\products_api\\vendor\\illuminate\\database\\Schema\\Builder.php(257): Illuminate\\Database\\Schema\\Builder->build(Object(Illuminate\\Database\\Schema\\Blueprint))
#5 C:\\Users\\User\\PhpstormProjects\\untitled2\\products_api\\vendor\\illuminate\\support\\Facades\\Facade.php(338): Illuminate\\Database\\Schema\\Builder->create('users', Object(Closure))
#6 C:\\Users\\User\\PhpstormProjects\\untitled2\\products_api\\database\\migrations\\2022_08_31_045922_create_users_table.php(23): Illuminate\\Support\\Facades\\Facade::__callStatic('create', Array)
#7 C:\\Users\\User\\PhpstormProjects\\untitled2\\products_api\\vendor\\illuminate\\database\\Migrations\\Migrator.php(482): Illuminate\\Database\\Migrations\\Migration@anonymous->up()
#8 C:\\Users\\User\\PhpstormProjects\\untitled2\\products_api\\vendor\\illuminate\\database\\Migrations\\Migrator.php(400): Illuminate\\Database\\Migrations\\Migrator->runMethod(Object(Illuminate\\Database\\MySqlConnection), Object(Illuminate\\Database\\Migrations\\Migration@anonymous), 'up')
#9 C:\\Users\\User\\PhpstormProjects\\untitled2\\products_api\\vendor\\illuminate\\database\\Migrations\\Migrator.php(409): Illuminate\\Database\\Migrations\\Migrator->Illuminate\\Database\\Migrations\\{closure}()
#10 C:\\Users\\User\\PhpstormProjects\\untitled2\\products_api\\vendor\\illuminate\\database\\Migrations\\Migrator.php(210): Illuminate\\Database\\Migrations\\Migrator->runMigration(Object(Illuminate\\Database\\Migrations\\Migration@anonymous), 'up')
#11 C:\\Users\\User\\PhpstormProjects\\untitled2\\products_api\\vendor\\illuminate\\console\\View\\Components\\Task.php(36): Illuminate\\Database\\Migrations\\Migrator->Illuminate\\Database\\Migrations\\{closure}()
#12 C:\\Users\\User\\PhpstormProjects\\untitled2\\products_api\\vendor\\illuminate\\database\\Migrations\\Migrator.php(740): Illuminate\\Console\\View\\Components\\Task->render('2022_08_31_0459...', Object(Closure))
#13 C:\\Users\\User\\PhpstormProjects\\untitled2\\products_api\\vendor\\illuminate\\database\\Migrations\\Migrator.php(210): Illuminate\\Database\\Migrations\\Migrator->write('Illuminate\\\\Cons...', '2022_08_31_0459...', Object(Closure))
#14 C:\\Users\\User\\PhpstormProjects\\untitled2\\products_api\\vendor\\illuminate\\database\\Migrations\\Migrator.php(175): Illuminate\\Database\\Migrations\\Migrator->runUp('C:\\\\Users\\\\User\\\\P...', 1, false)
#15 C:\\Users\\User\\PhpstormProjects\\untitled2\\products_api\\vendor\\illuminate\\database\\Migrations\\Migrator.php(118): Illuminate\\Database\\Migrations\\Migrator->runPending(Array, Array)
#16 C:\\Users\\User\\PhpstormProjects\\untitled2\\products_api\\vendor\\illuminate\\database\\Console\\Migrations\\MigrateCommand.php(87): Illuminate\\Database\\Migrations\\Migrator->run(Array, Array)
#17 C:\\Users\\User\\PhpstormProjects\\untitled2\\products_api\\vendor\\illuminate\\database\\Migrations\\Migrator.php(616): Illuminate\\Database\\Console\\Migrations\\MigrateCommand->Illuminate\\Database\\Console\\Migrations\\{closure}()
#18 C:\\Users\\User\\PhpstormProjects\\untitled2\\products_api\\vendor\\illuminate\\database\\Console\\Migrations\\MigrateCommand.php(99): Illuminate\\Database\\Migrations\\Migrator->usingConnection(NULL, Object(Closure))
#19 C:\\Users\\User\\PhpstormProjects\\untitled2\\products_api\\vendor\\illuminate\\container\\BoundMethod.php(36): Illuminate\\Database\\Console\\Migrations\\MigrateCommand->handle()
#20 C:\\Users\\User\\PhpstormProjects\\untitled2\\products_api\\vendor\\illuminate\\container\\Util.php(41): Illuminate\\Container\\BoundMethod::Illuminate\\Container\\{closure}()
#21 C:\\Users\\User\\PhpstormProjects\\untitled2\\products_api\\vendor\\illuminate\\container\\BoundMethod.php(93): Illuminate\\Container\\Util::unwrapIfClosure(Object(Closure))
#22 C:\\Users\\User\\PhpstormProjects\\untitled2\\products_api\\vendor\\illuminate\\container\\BoundMethod.php(37): Illuminate\\Container\\BoundMethod::callBoundMethod(Object(Laravel\\Lumen\\Application), Array, Object(Closure))
#23 C:\\Users\\User\\PhpstormProjects\\untitled2\\products_api\\vendor\\illuminate\\container\\Container.php(651): Illuminate\\Container\\BoundMethod::call(Object(Laravel\\Lumen\\Application), Array, Array, NULL)
#24 C:\\Users\\User\\PhpstormProjects\\untitled2\\products_api\\vendor\\illuminate\\console\\Command.php(139): Illuminate\\Container\\Container->call(Array)
#25 C:\\Users\\User\\PhpstormProjects\\untitled2\\products_api\\vendor\\symfony\\console\\Command\\Command.php(308): Illuminate\\Console\\Command->execute(Object(Symfony\\Component\\Console\\Input\\ArgvInput), Object(Illuminate\\Console\\OutputStyle))
#26 C:\\Users\\User\\PhpstormProjects\\untitled2\\products_api\\vendor\\illuminate\\console\\Command.php(124): Symfony\\Component\\Console\\Command\\Command->run(Object(Symfony\\Component\\Console\\Input\\ArgvInput), Object(Illuminate\\Console\\OutputStyle))
#27 C:\\Users\\User\\PhpstormProjects\\untitled2\\products_api\\vendor\\symfony\\console\\Application.php(1002): Illuminate\\Console\\Command->run(Object(Symfony\\Component\\Console\\Input\\ArgvInput), Object(Symfony\\Component\\Console\\Output\\ConsoleOutput))
#28 C:\\Users\\User\\PhpstormProjects\\untitled2\\products_api\\vendor\\symfony\\console\\Application.php(299): Symfony\\Component\\Console\\Application->doRunCommand(Object(Illuminate\\Database\\Console\\Migrations\\MigrateCommand), Object(Symfony\\Component\\Console\\Input\\ArgvInput), Object(Symfony\\Component\\Console\\Output\\ConsoleOutput))
#29 C:\\Users\\User\\PhpstormProjects\\untitled2\\products_api\\vendor\\symfony\\console\\Application.php(171): Symfony\\Component\\Console\\Application->doRun(Object(Symfony\\Component\\Console\\Input\\ArgvInput), Object(Symfony\\Component\\Console\\Output\\ConsoleOutput))
#30 C:\\Users\\User\\PhpstormProjects\\untitled2\\products_api\\vendor\\illuminate\\console\\Application.php(102): Symfony\\Component\\Console\\Application->run(Object(Symfony\\Component\\Console\\Input\\ArgvInput), Object(Symfony\\Component\\Console\\Output\\ConsoleOutput))
#31 C:\\Users\\User\\PhpstormProjects\\untitled2\\products_api\\vendor\\laravel\\lumen-framework\\src\\Console\\Kernel.php(116): Illuminate\\Console\\Application->run(Object(Symfony\\Component\\Console\\Input\\ArgvInput), Object(Symfony\\Component\\Console\\Output\\ConsoleOutput))
#32 C:\\Users\\User\\PhpstormProjects\\untitled2\\products_api\\artisan(35): Laravel\\Lumen\\Console\\Kernel->handle(Object(Symfony\\Component\\Console\\Input\\ArgvInput), Object(Symfony\\Component\\Console\\Output\\ConsoleOutput))
#33 {main}

[previous exception] [object] (PDOException(code: 42000): SQLSTATE[42000]: Syntax error or access violation: 1072 Key column 'company_id' doesn't exist in table at C:\\Users\\User\\PhpstormProjects\\untitled2\\products_api\\vendor\\illuminate\\database\\Connection.php:544)
[stacktrace]
#0 C:\\Users\\User\\PhpstormProjects\\untitled2\\products_api\\vendor\\illuminate\\database\\Connection.php(544): PDOStatement->execute()
#1 C:\\Users\\User\\PhpstormProjects\\untitled2\\products_api\\vendor\\illuminate\\database\\Connection.php(752): Illuminate\\Database\\Connection->Illuminate\\Database\\{closure}('alter table `us...', Array)
#2 C:\\Users\\User\\PhpstormProjects\\untitled2\\products_api\\vendor\\illuminate\\database\\Connection.php(719): Illuminate\\Database\\Connection->runQueryCallback('alter table `us...', Array, Object(Closure))
#3 C:\\Users\\User\\PhpstormProjects\\untitled2\\products_api\\vendor\\illuminate\\database\\Connection.php(545): Illuminate\\Database\\Connection->run('alter table `us...', Array, Object(Closure))
#4 C:\\Users\\User\\PhpstormProjects\\untitled2\\products_api\\vendor\\illuminate\\database\\Schema\\Blueprint.php(109): Illuminate\\Database\\Connection->statement('alter table `us...')
#5 C:\\Users\\User\\PhpstormProjects\\untitled2\\products_api\\vendor\\illuminate\\database\\Schema\\Builder.php(394): Illuminate\\Database\\Schema\\Blueprint->build(Object(Illuminate\\Database\\MySqlConnection), Object(Illuminate\\Database\\Schema\\Grammars\\MySqlGrammar))
#6 C:\\Users\\User\\PhpstormProjects\\untitled2\\products_api\\vendor\\illuminate\\database\\Schema\\Builder.php(257): Illuminate\\Database\\Schema\\Builder->build(Object(Illuminate\\Database\\Schema\\Blueprint))
#7 C:\\Users\\User\\PhpstormProjects\\untitled2\\products_api\\vendor\\illuminate\\support\\Facades\\Facade.php(338): Illuminate\\Database\\Schema\\Builder->create('users', Object(Closure))
#8 C:\\Users\\User\\PhpstormProjects\\untitled2\\products_api\\database\\migrations\\2022_08_31_045922_create_users_table.php(23): Illuminate\\Support\\Facades\\Facade::__callStatic('create', Array)
#9 C:\\Users\\User\\PhpstormProjects\\untitled2\\products_api\\vendor\\illuminate\\database\\Migrations\\Migrator.php(482): Illuminate\\Database\\Migrations\\Migration@anonymous->up()
#10 C:\\Users\\User\\PhpstormProjects\\untitled2\\products_api\\vendor\\illuminate\\database\\Migrations\\Migrator.php(400): Illuminate\\Database\\Migrations\\Migrator->runMethod(Object(Illuminate\\Database\\MySqlConnection), Object(Illuminate\\Database\\Migrations\\Migration@anonymous), 'up')
#11 C:\\Users\\User\\PhpstormProjects\\untitled2\\products_api\\vendor\\illuminate\\database\\Migrations\\Migrator.php(409): Illuminate\\Database\\Migrations\\Migrator->Illuminate\\Database\\Migrations\\{closure}()
#12 C:\\Users\\User\\PhpstormProjects\\untitled2\\products_api\\vendor\\illuminate\\database\\Migrations\\Migrator.php(210): Illuminate\\Database\\Migrations\\Migrator->runMigration(Object(Illuminate\\Database\\Migrations\\Migration@anonymous), 'up')
#13 C:\\Users\\User\\PhpstormProjects\\untitled2\\products_api\\vendor\\illuminate\\console\\View\\Components\\Task.php(36): Illuminate\\Database\\Migrations\\Migrator->Illuminate\\Database\\Migrations\\{closure}()
#14 C:\\Users\\User\\PhpstormProjects\\untitled2\\products_api\\vendor\\illuminate\\database\\Migrations\\Migrator.php(740): Illuminate\\Console\\View\\Components\\Task->render('2022_08_31_0459...', Object(Closure))
#15 C:\\Users\\User\\PhpstormProjects\\untitled2\\products_api\\vendor\\illuminate\\database\\Migrations\\Migrator.php(210): Illuminate\\Database\\Migrations\\Migrator->write('Illuminate\\\\Cons...', '2022_08_31_0459...', Object(Closure))
#16 C:\\Users\\User\\PhpstormProjects\\untitled2\\products_api\\vendor\\illuminate\\database\\Migrations\\Migrator.php(175): Illuminate\\Database\\Migrations\\Migrator->runUp('C:\\\\Users\\\\User\\\\P...', 1, false)
#17 C:\\Users\\User\\PhpstormProjects\\untitled2\\products_api\\vendor\\illuminate\\database\\Migrations\\Migrator.php(118): Illuminate\\Database\\Migrations\\Migrator->runPending(Array, Array)
#18 C:\\Users\\User\\PhpstormProjects\\untitled2\\products_api\\vendor\\illuminate\\database\\Console\\Migrations\\MigrateCommand.php(87): Illuminate\\Database\\Migrations\\Migrator->run(Array, Array)
#19 C:\\Users\\User\\PhpstormProjects\\untitled2\\products_api\\vendor\\illuminate\\database\\Migrations\\Migrator.php(616): Illuminate\\Database\\Console\\Migrations\\MigrateCommand->Illuminate\\Database\\Console\\Migrations\\{closure}()
#20 C:\\Users\\User\\PhpstormProjects\\untitled2\\products_api\\vendor\\illuminate\\database\\Console\\Migrations\\MigrateCommand.php(99): Illuminate\\Database\\Migrations\\Migrator->usingConnection(NULL, Object(Closure))
#21 C:\\Users\\User\\PhpstormProjects\\untitled2\\products_api\\vendor\\illuminate\\container\\BoundMethod.php(36): Illuminate\\Database\\Console\\Migrations\\MigrateCommand->handle()
#22 C:\\Users\\User\\PhpstormProjects\\untitled2\\products_api\\vendor\\illuminate\\container\\Util.php(41): Illuminate\\Container\\BoundMethod::Illuminate\\Container\\{closure}()
#23 C:\\Users\\User\\PhpstormProjects\\untitled2\\products_api\\vendor\\illuminate\\container\\BoundMethod.php(93): Illuminate\\Container\\Util::unwrapIfClosure(Object(Closure))
#24 C:\\Users\\User\\PhpstormProjects\\untitled2\\products_api\\vendor\\illuminate\\container\\BoundMethod.php(37): Illuminate\\Container\\BoundMethod::callBoundMethod(Object(Laravel\\Lumen\\Application), Array, Object(Closure))
#25 C:\\Users\\User\\PhpstormProjects\\untitled2\\products_api\\vendor\\illuminate\\container\\Container.php(651): Illuminate\\Container\\BoundMethod::call(Object(Laravel\\Lumen\\Application), Array, Array, NULL)
#26 C:\\Users\\User\\PhpstormProjects\\untitled2\\products_api\\vendor\\illuminate\\console\\Command.php(139): Illuminate\\Container\\Container->call(Array)
#27 C:\\Users\\User\\PhpstormProjects\\untitled2\\products_api\\vendor\\symfony\\console\\Command\\Command.php(308): Illuminate\\Console\\Command->execute(Object(Symfony\\Component\\Console\\Input\\ArgvInput), Object(Illuminate\\Console\\OutputStyle))
#28 C:\\Users\\User\\PhpstormProjects\\untitled2\\products_api\\vendor\\illuminate\\console\\Command.php(124): Symfony\\Component\\Console\\Command\\Command->run(Object(Symfony\\Component\\Console\\Input\\ArgvInput), Object(Illuminate\\Console\\OutputStyle))
#29 C:\\Users\\User\\PhpstormProjects\\untitled2\\products_api\\vendor\\symfony\\console\\Application.php(1002): Illuminate\\Console\\Command->run(Object(Symfony\\Component\\Console\\Input\\ArgvInput), Object(Symfony\\Component\\Console\\Output\\ConsoleOutput))
#30 C:\\Users\\User\\PhpstormProjects\\untitled2\\products_api\\vendor\\symfony\\console\\Application.php(299): Symfony\\Component\\Console\\Application->doRunCommand(Object(Illuminate\\Database\\Console\\Migrations\\MigrateCommand), Object(Symfony\\Component\\Console\\Input\\ArgvInput), Object(Symfony\\Component\\Console\\Output\\ConsoleOutput))
#31 C:\\Users\\User\\PhpstormProjects\\untitled2\\products_api\\vendor\\symfony\\console\\Application.php(171): Symfony\\Component\\Console\\Application->doRun(Object(Symfony\\Component\\Console\\Input\\ArgvInput), Object(Symfony\\Component\\Console\\Output\\ConsoleOutput))
#32 C:\\Users\\User\\PhpstormProjects\\untitled2\\products_api\\vendor\\illuminate\\console\\Application.php(102): Symfony\\Component\\Console\\Application->run(Object(Symfony\\Component\\Console\\Input\\ArgvInput), Object(Symfony\\Component\\Console\\Output\\ConsoleOutput))
#33 C:\\Users\\User\\PhpstormProjects\\untitled2\\products_api\\vendor\\laravel\\lumen-framework\\src\\Console\\Kernel.php(116): Illuminate\\Console\\Application->run(Object(Symfony\\Component\\Console\\Input\\ArgvInput), Object(Symfony\\Component\\Console\\Output\\ConsoleOutput))
#34 C:\\Users\\User\\PhpstormProjects\\untitled2\\products_api\\artisan(35): Laravel\\Lumen\\Console\\Kernel->handle(Object(Symfony\\Component\\Console\\Input\\ArgvInput), Object(Symfony\\Component\\Console\\Output\\ConsoleOutput))
#35 {main}
"} 
[2022-09-01 07:15:16] local.ERROR: SQLSTATE[42S02]: Base table or view not found: 1146 Table 'liteagro.companies' doesn't exist (SQL: select * from `companies`) {"exception":"[object] (Illuminate\\Database\\QueryException(code: 42S02): SQLSTATE[42S02]: Base table or view not found: 1146 Table 'liteagro.companies' doesn't exist (SQL: select * from `companies`) at C:\\Users\\User\\PhpstormProjects\\untitled2\\products_api\\vendor\\illuminate\\database\\Connection.php:759)
[stacktrace]
#0 C:\\Users\\User\\PhpstormProjects\\untitled2\\products_api\\vendor\\illuminate\\database\\Connection.php(719): Illuminate\\Database\\Connection->runQueryCallback('select * from `...', Array, Object(Closure))
#1 C:\\Users\\User\\PhpstormProjects\\untitled2\\products_api\\vendor\\illuminate\\database\\Connection.php(421): Illuminate\\Database\\Connection->run('select * from `...', Array, Object(Closure))
#2 C:\\Users\\User\\PhpstormProjects\\untitled2\\products_api\\vendor\\illuminate\\database\\Query\\Builder.php(2630): Illuminate\\Database\\Connection->select('select * from `...', Array, true)
#3 C:\\Users\\User\\PhpstormProjects\\untitled2\\products_api\\vendor\\illuminate\\database\\Query\\Builder.php(2618): Illuminate\\Database\\Query\\Builder->runSelect()
#4 C:\\Users\\User\\PhpstormProjects\\untitled2\\products_api\\vendor\\illuminate\\database\\Query\\Builder.php(3154): Illuminate\\Database\\Query\\Builder->Illuminate\\Database\\Query\\{closure}()
#5 C:\\Users\\User\\PhpstormProjects\\untitled2\\products_api\\vendor\\illuminate\\database\\Query\\Builder.php(2619): Illuminate\\Database\\Query\\Builder->onceWithColumns(Array, Object(Closure))
#6 C:\\Users\\User\\PhpstormProjects\\untitled2\\products_api\\vendor\\illuminate\\database\\Eloquent\\Builder.php(699): Illuminate\\Database\\Query\\Builder->get(Array)
#7 C:\\Users\\User\\PhpstormProjects\\untitled2\\products_api\\vendor\\illuminate\\database\\Eloquent\\Builder.php(683): Illuminate\\Database\\Eloquent\\Builder->getModels(Array)
#8 C:\\Users\\User\\PhpstormProjects\\untitled2\\products_api\\vendor\\illuminate\\database\\Eloquent\\Model.php(568): Illuminate\\Database\\Eloquent\\Builder->get(Array)
#9 C:\\Users\\User\\PhpstormProjects\\untitled2\\products_api\\app\\Http\\Controllers\\CompanyController.php(12): Illuminate\\Database\\Eloquent\\Model::all()
#10 C:\\Users\\User\\PhpstormProjects\\untitled2\\products_api\\vendor\\illuminate\\container\\BoundMethod.php(36): App\\Http\\Controllers\\CompanyController->GetAllCompany()
#11 C:\\Users\\User\\PhpstormProjects\\untitled2\\products_api\\vendor\\illuminate\\container\\Util.php(41): Illuminate\\Container\\BoundMethod::Illuminate\\Container\\{closure}()
#12 C:\\Users\\User\\PhpstormProjects\\untitled2\\products_api\\vendor\\illuminate\\container\\BoundMethod.php(93): Illuminate\\Container\\Util::unwrapIfClosure(Object(Closure))
#13 C:\\Users\\User\\PhpstormProjects\\untitled2\\products_api\\vendor\\illuminate\\container\\BoundMethod.php(37): Illuminate\\Container\\BoundMethod::callBoundMethod(Object(Laravel\\Lumen\\Application), Array, Object(Closure))
#14 C:\\Users\\User\\PhpstormProjects\\untitled2\\products_api\\vendor\\illuminate\\container\\Container.php(651): Illuminate\\Container\\BoundMethod::call(Object(Laravel\\Lumen\\Application), Array, Array, NULL)
#15 C:\\Users\\User\\PhpstormProjects\\untitled2\\products_api\\vendor\\laravel\\lumen-framework\\src\\Concerns\\RoutesRequests.php(389): Illuminate\\Container\\Container->call(Array, Array)
#16 C:\\Users\\User\\PhpstormProjects\\untitled2\\products_api\\vendor\\laravel\\lumen-framework\\src\\Concerns\\RoutesRequests.php(355): Laravel\\Lumen\\Application->callControllerCallable(Array, Array)
#17 C:\\Users\\User\\PhpstormProjects\\untitled2\\products_api\\vendor\\laravel\\lumen-framework\\src\\Concerns\\RoutesRequests.php(329): Laravel\\Lumen\\Application->callLumenController(Object(App\\Http\\Controllers\\CompanyController), 'GetAllCompany', Array)
#18 C:\\Users\\User\\PhpstormProjects\\untitled2\\products_api\\vendor\\laravel\\lumen-framework\\src\\Concerns\\RoutesRequests.php(282): Laravel\\Lumen\\Application->callControllerAction(Array)
#19 C:\\Users\\User\\PhpstormProjects\\untitled2\\products_api\\vendor\\laravel\\lumen-framework\\src\\Concerns\\RoutesRequests.php(267): Laravel\\Lumen\\Application->callActionOnArrayBasedRoute(Array)
#20 C:\\Users\\User\\PhpstormProjects\\untitled2\\products_api\\vendor\\laravel\\lumen-framework\\src\\Concerns\\RoutesRequests.php(169): Laravel\\Lumen\\Application->handleFoundRoute(Array)
#21 C:\\Users\\User\\PhpstormProjects\\untitled2\\products_api\\vendor\\laravel\\lumen-framework\\src\\Routing\\Pipeline.php(48): Laravel\\Lumen\\Application->Laravel\\Lumen\\Concerns\\{closure}(Object(Laravel\\Lumen\\Http\\Request))
#22 C:\\Users\\User\\PhpstormProjects\\untitled2\\products_api\\app\\Http\\Middleware\\ExampleMiddleware.php(18): Laravel\\Lumen\\Routing\\Pipeline->Laravel\\Lumen\\Routing\\{closure}(Object(Laravel\\Lumen\\Http\\Request))
#23 C:\\Users\\User\\PhpstormProjects\\untitled2\\products_api\\vendor\\illuminate\\pipeline\\Pipeline.php(180): App\\Http\\Middleware\\ExampleMiddleware->handle(Object(Laravel\\Lumen\\Http\\Request), Object(Closure))
#24 C:\\Users\\User\\PhpstormProjects\\untitled2\\products_api\\vendor\\laravel\\lumen-framework\\src\\Routing\\Pipeline.php(30): Illuminate\\Pipeline\\Pipeline->Illuminate\\Pipeline\\{closure}(Object(Laravel\\Lumen\\Http\\Request))
#25 C:\\Users\\User\\PhpstormProjects\\untitled2\\products_api\\vendor\\illuminate\\pipeline\\Pipeline.php(116): Laravel\\Lumen\\Routing\\Pipeline->Laravel\\Lumen\\Routing\\{closure}(Object(Laravel\\Lumen\\Http\\Request))
#26 C:\\Users\\User\\PhpstormProjects\\untitled2\\products_api\\vendor\\laravel\\lumen-framework\\src\\Concerns\\RoutesRequests.php(426): Illuminate\\Pipeline\\Pipeline->then(Object(Closure))
#27 C:\\Users\\User\\PhpstormProjects\\untitled2\\products_api\\vendor\\laravel\\lumen-framework\\src\\Concerns\\RoutesRequests.php(175): Laravel\\Lumen\\Application->sendThroughPipeline(Array, Object(Closure))
#28 C:\\Users\\User\\PhpstormProjects\\untitled2\\products_api\\vendor\\laravel\\lumen-framework\\src\\Concerns\\RoutesRequests.php(112): Laravel\\Lumen\\Application->dispatch(NULL)
#29 C:\\Users\\User\\PhpstormProjects\\untitled2\\products_api\\public\\index.php(28): Laravel\\Lumen\\Application->run()
#30 {main}

[previous exception] [object] (PDOException(code: 42S02): SQLSTATE[42S02]: Base table or view not found: 1146 Table 'liteagro.companies' doesn't exist at C:\\Users\\User\\PhpstormProjects\\untitled2\\products_api\\vendor\\illuminate\\database\\Connection.php:413)
[stacktrace]
#0 C:\\Users\\User\\PhpstormProjects\\untitled2\\products_api\\vendor\\illuminate\\database\\Connection.php(413): PDO->prepare('select * from `...')
#1 C:\\Users\\User\\PhpstormProjects\\untitled2\\products_api\\vendor\\illuminate\\database\\Connection.php(752): Illuminate\\Database\\Connection->Illuminate\\Database\\{closure}('select * from `...', Array)
#2 C:\\Users\\User\\PhpstormProjects\\untitled2\\products_api\\vendor\\illuminate\\database\\Connection.php(719): Illuminate\\Database\\Connection->runQueryCallback('select * from `...', Array, Object(Closure))
#3 C:\\Users\\User\\PhpstormProjects\\untitled2\\products_api\\vendor\\illuminate\\database\\Connection.php(421): Illuminate\\Database\\Connection->run('select * from `...', Array, Object(Closure))
#4 C:\\Users\\User\\PhpstormProjects\\untitled2\\products_api\\vendor\\illuminate\\database\\Query\\Builder.php(2630): Illuminate\\Database\\Connection->select('select * from `...', Array, true)
#5 C:\\Users\\User\\PhpstormProjects\\untitled2\\products_api\\vendor\\illuminate\\database\\Query\\Builder.php(2618): Illuminate\\Database\\Query\\Builder->runSelect()
#6 C:\\Users\\User\\PhpstormProjects\\untitled2\\products_api\\vendor\\illuminate\\database\\Query\\Builder.php(3154): Illuminate\\Database\\Query\\Builder->Illuminate\\Database\\Query\\{closure}()
#7 C:\\Users\\User\\PhpstormProjects\\untitled2\\products_api\\vendor\\illuminate\\database\\Query\\Builder.php(2619): Illuminate\\Database\\Query\\Builder->onceWithColumns(Array, Object(Closure))
#8 C:\\Users\\User\\PhpstormProjects\\untitled2\\products_api\\vendor\\illuminate\\database\\Eloquent\\Builder.php(699): Illuminate\\Database\\Query\\Builder->get(Array)
#9 C:\\Users\\User\\PhpstormProjects\\untitled2\\products_api\\vendor\\illuminate\\database\\Eloquent\\Builder.php(683): Illuminate\\Database\\Eloquent\\Builder->getModels(Array)
#10 C:\\Users\\User\\PhpstormProjects\\untitled2\\products_api\\vendor\\illuminate\\database\\Eloquent\\Model.php(568): Illuminate\\Database\\Eloquent\\Builder->get(Array)
#11 C:\\Users\\User\\PhpstormProjects\\untitled2\\products_api\\app\\Http\\Controllers\\CompanyController.php(12): Illuminate\\Database\\Eloquent\\Model::all()
#12 C:\\Users\\User\\PhpstormProjects\\untitled2\\products_api\\vendor\\illuminate\\container\\BoundMethod.php(36): App\\Http\\Controllers\\CompanyController->GetAllCompany()
#13 C:\\Users\\User\\PhpstormProjects\\untitled2\\products_api\\vendor\\illuminate\\container\\Util.php(41): Illuminate\\Container\\BoundMethod::Illuminate\\Container\\{closure}()
#14 C:\\Users\\User\\PhpstormProjects\\untitled2\\products_api\\vendor\\illuminate\\container\\BoundMethod.php(93): Illuminate\\Container\\Util::unwrapIfClosure(Object(Closure))
#15 C:\\Users\\User\\PhpstormProjects\\untitled2\\products_api\\vendor\\illuminate\\container\\BoundMethod.php(37): Illuminate\\Container\\BoundMethod::callBoundMethod(Object(Laravel\\Lumen\\Application), Array, Object(Closure))
#16 C:\\Users\\User\\PhpstormProjects\\untitled2\\products_api\\vendor\\illuminate\\container\\Container.php(651): Illuminate\\Container\\BoundMethod::call(Object(Laravel\\Lumen\\Application), Array, Array, NULL)
#17 C:\\Users\\User\\PhpstormProjects\\untitled2\\products_api\\vendor\\laravel\\lumen-framework\\src\\Concerns\\RoutesRequests.php(389): Illuminate\\Container\\Container->call(Array, Array)
#18 C:\\Users\\User\\PhpstormProjects\\untitled2\\products_api\\vendor\\laravel\\lumen-framework\\src\\Concerns\\RoutesRequests.php(355): Laravel\\Lumen\\Application->callControllerCallable(Array, Array)
#19 C:\\Users\\User\\PhpstormProjects\\untitled2\\products_api\\vendor\\laravel\\lumen-framework\\src\\Concerns\\RoutesRequests.php(329): Laravel\\Lumen\\Application->callLumenController(Object(App\\Http\\Controllers\\CompanyController), 'GetAllCompany', Array)
#20 C:\\Users\\User\\PhpstormProjects\\untitled2\\products_api\\vendor\\laravel\\lumen-framework\\src\\Concerns\\RoutesRequests.php(282): Laravel\\Lumen\\Application->callControllerAction(Array)
#21 C:\\Users\\User\\PhpstormProjects\\untitled2\\products_api\\vendor\\laravel\\lumen-framework\\src\\Concerns\\RoutesRequests.php(267): Laravel\\Lumen\\Application->callActionOnArrayBasedRoute(Array)
#22 C:\\Users\\User\\PhpstormProjects\\untitled2\\products_api\\vendor\\laravel\\lumen-framework\\src\\Concerns\\RoutesRequests.php(169): Laravel\\Lumen\\Application->handleFoundRoute(Array)
#23 C:\\Users\\User\\PhpstormProjects\\untitled2\\products_api\\vendor\\laravel\\lumen-framework\\src\\Routing\\Pipeline.php(48): Laravel\\Lumen\\Application->Laravel\\Lumen\\Concerns\\{closure}(Object(Laravel\\Lumen\\Http\\Request))
#24 C:\\Users\\User\\PhpstormProjects\\untitled2\\products_api\\app\\Http\\Middleware\\ExampleMiddleware.php(18): Laravel\\Lumen\\Routing\\Pipeline->Laravel\\Lumen\\Routing\\{closure}(Object(Laravel\\Lumen\\Http\\Request))
#25 C:\\Users\\User\\PhpstormProjects\\untitled2\\products_api\\vendor\\illuminate\\pipeline\\Pipeline.php(180): App\\Http\\Middleware\\ExampleMiddleware->handle(Object(Laravel\\Lumen\\Http\\Request), Object(Closure))
#26 C:\\Users\\User\\PhpstormProjects\\untitled2\\products_api\\vendor\\laravel\\lumen-framework\\src\\Routing\\Pipeline.php(30): Illuminate\\Pipeline\\Pipeline->Illuminate\\Pipeline\\{closure}(Object(Laravel\\Lumen\\Http\\Request))
#27 C:\\Users\\User\\PhpstormProjects\\untitled2\\products_api\\vendor\\illuminate\\pipeline\\Pipeline.php(116): Laravel\\Lumen\\Routing\\Pipeline->Laravel\\Lumen\\Routing\\{closure}(Object(Laravel\\Lumen\\Http\\Request))
#28 C:\\Users\\User\\PhpstormProjects\\untitled2\\products_api\\vendor\\laravel\\lumen-framework\\src\\Concerns\\RoutesRequests.php(426): Illuminate\\Pipeline\\Pipeline->then(Object(Closure))
#29 C:\\Users\\User\\PhpstormProjects\\untitled2\\products_api\\vendor\\laravel\\lumen-framework\\src\\Concerns\\RoutesRequests.php(175): Laravel\\Lumen\\Application->sendThroughPipeline(Array, Object(Closure))
#30 C:\\Users\\User\\PhpstormProjects\\untitled2\\products_api\\vendor\\laravel\\lumen-framework\\src\\Concerns\\RoutesRequests.php(112): Laravel\\Lumen\\Application->dispatch(NULL)
#31 C:\\Users\\User\\PhpstormProjects\\untitled2\\products_api\\public\\index.php(28): Laravel\\Lumen\\Application->run()
#32 {main}
"} 
